Replace Part C1 CAPMF_1u_630V_MK in C:\Users\Tv\Real Documents\Engineering Projects\Senior-Design-VFD\Power Factor Correction\Design Files\Power Factor Correction.SchDoc with CAPMF_1u_630V_MK from PBL - Capacitors.SCHLIB
Replace Part C2 CAPE_120u_450V_THD in C:\Users\Tv\Real Documents\Engineering Projects\Senior-Design-VFD\Power Factor Correction\Design Files\Power Factor Correction.SchDoc with CAPE_120u_450V_THD from PBL - Capacitors.SCHLIB
Replace Part C3 CAPE_120u_450V_THD in C:\Users\Tv\Real Documents\Engineering Projects\Senior-Design-VFD\Power Factor Correction\Design Files\Power Factor Correction.SchDoc with CAPE_120u_450V_THD from PBL - Capacitors.SCHLIB
Replace Part C4 CAPE_120u_450V_THD in C:\Users\Tv\Real Documents\Engineering Projects\Senior-Design-VFD\Power Factor Correction\Design Files\Power Factor Correction.SchDoc with CAPE_120u_450V_THD from PBL - Capacitors.SCHLIB
Replace Part C5 CAPE_120u_450V_THD in C:\Users\Tv\Real Documents\Engineering Projects\Senior-Design-VFD\Power Factor Correction\Design Files\Power Factor Correction.SchDoc with CAPE_120u_450V_THD from PBL - Capacitors.SCHLIB
Replace Part C6 CAPMF_1u_630V_MK in C:\Users\Tv\Real Documents\Engineering Projects\Senior-Design-VFD\Power Factor Correction\Design Files\Power Factor Correction.SchDoc with CAPMF_1u_630V_MK from PBL - Capacitors.SCHLIB
Replace Part C7 CAPC_33p_0603_NP0_50V_5% in C:\Users\Tv\Real Documents\Engineering Projects\Senior-Design-VFD\Power Factor Correction\Design Files\Power Factor Correction.SchDoc with CAPC_33p_0603_NP0_50V_5% from PBL - Capacitors.SCHLIB
Replace Part C8 CAPC_1n_0603_X7R_100V_10% in C:\Users\Tv\Real Documents\Engineering Projects\Senior-Design-VFD\Power Factor Correction\Design Files\Power Factor Correction.SchDoc with CAPC_1n_0603_X7R_100V_10% from PBL - Capacitors.SCHLIB
Replace Part C9 CAPC_1n_0603_X7R_100V_10% in C:\Users\Tv\Real Documents\Engineering Projects\Senior-Design-VFD\Power Factor Correction\Design Files\Power Factor Correction.SchDoc with CAPC_1n_0603_X7R_100V_10% from PBL - Capacitors.SCHLIB
Replace Part C10 CAPC_220p_0603_NP0_50V_5% in C:\Users\Tv\Real Documents\Engineering Projects\Senior-Design-VFD\Power Factor Correction\Design Files\Power Factor Correction.SchDoc with CAPC_220p_0603_NP0_50V_5% from PBL - Capacitors.SCHLIB
Replace Part C11 CAPC_120p_1206_U2J_1KV_5% in C:\Users\Tv\Real Documents\Engineering Projects\Senior-Design-VFD\Power Factor Correction\Design Files\Power Factor Correction.SchDoc with CAPC_120p_1206_U2J_1KV_5% from PBL - Capacitors.SCHLIB
Replace Part C12 CAPC_4n7_50V_0603 in C:\Users\Tv\Real Documents\Engineering Projects\Senior-Design-VFD\Power Factor Correction\Design Files\Power Factor Correction.SchDoc with CAPC_4n7_50V_0603 from PBL - Capacitors.SCHLIB
Replace Part C13 CAPC_100n_1812_X7R_630V_10% in C:\Users\Tv\Real Documents\Engineering Projects\Senior-Design-VFD\Power Factor Correction\Design Files\Power Factor Correction.SchDoc with CAPC_100n_1812_X7R_630V_10% from PBL - Capacitors.SCHLIB
Replace Part C14 CAPC_180p_0603_NP0_50V_1% in C:\Users\Tv\Real Documents\Engineering Projects\Senior-Design-VFD\Power Factor Correction\Design Files\Power Factor Correction.SchDoc with CAPC_180p_0603_NP0_50V_1% from PBL - Capacitors.SCHLIB
Replace Part C15 CAPC_180p_0603_NP0_50V_1% in C:\Users\Tv\Real Documents\Engineering Projects\Senior-Design-VFD\Power Factor Correction\Design Files\Power Factor Correction.SchDoc with CAPC_180p_0603_NP0_50V_1% from PBL - Capacitors.SCHLIB
Replace Part C16 CAPC_470n_1812_X7R_450V_20% in C:\Users\Tv\Real Documents\Engineering Projects\Senior-Design-VFD\Power Factor Correction\Design Files\Power Factor Correction.SchDoc with CAPC_470n_1812_X7R_450V_20% from PBL - Capacitors.SCHLIB
Replace Part C17 CAPC_1u_1206_X7R_35V_10% in C:\Users\Tv\Real Documents\Engineering Projects\Senior-Design-VFD\Power Factor Correction\Design Files\Power Factor Correction.SchDoc with CAPC_1u_1206_X7R_35V_10% from PBL - Capacitors.SCHLIB
Replace Part C18 CAPC_1u_1206_X7R_35V_10% in C:\Users\Tv\Real Documents\Engineering Projects\Senior-Design-VFD\Power Factor Correction\Design Files\Power Factor Correction.SchDoc with CAPC_1u_1206_X7R_35V_10% from PBL - Capacitors.SCHLIB
Replace Part C19 CAPC_1n_0603_X7R_100V_10% in C:\Users\Tv\Real Documents\Engineering Projects\Senior-Design-VFD\Power Factor Correction\Design Files\Power Factor Correction.SchDoc with CAPC_1n_0603_X7R_100V_10% from PBL - Capacitors.SCHLIB
Replace Part C20 CAPP_390uF_20V_SMD in C:\Users\Tv\Real Documents\Engineering Projects\Senior-Design-VFD\Power Factor Correction\Design Files\Power Factor Correction.SchDoc with CAPP_390uF_20V_SMD from PBL - Capacitors.SCHLIB
Replace Part C21 CAPC_10u_1210_50V in C:\Users\Tv\Real Documents\Engineering Projects\Senior-Design-VFD\Power Factor Correction\Design Files\Power Factor Correction.SchDoc with CAPC_10u_1210_50V from PBL - Capacitors.SCHLIB
Replace Part C22 CAPC_100n_0805_X7R_50V_10% in C:\Users\Tv\Real Documents\Engineering Projects\Senior-Design-VFD\Power Factor Correction\Design Files\Power Factor Correction.SchDoc with CAPC_100n_0805_X7R_50V_10% from PBL - Capacitors.SCHLIB
Replace Part C23 CAPC_100n_0805_X7R_50V_10% in C:\Users\Tv\Real Documents\Engineering Projects\Senior-Design-VFD\Power Factor Correction\Design Files\Power Factor Correction.SchDoc with CAPC_100n_0805_X7R_50V_10% from PBL - Capacitors.SCHLIB
Replace Part C24 CAPC_82n_0603_X7R_50V_10% in C:\Users\Tv\Real Documents\Engineering Projects\Senior-Design-VFD\Power Factor Correction\Design Files\Power Factor Correction.SchDoc with CAPC_82n_0603_X7R_50V_10% from PBL - Capacitors.SCHLIB
Replace Part C25 CAPC_100n_0603_X7R_50V_10% in C:\Users\Tv\Real Documents\Engineering Projects\Senior-Design-VFD\Power Factor Correction\Design Files\Power Factor Correction.SchDoc with CAPC_100n_0603_X7R_50V_10% from PBL - Capacitors.SCHLIB
Replace Part C26 CAPC_470n_1812_X7R_450V_20% in C:\Users\Tv\Real Documents\Engineering Projects\Senior-Design-VFD\Power Factor Correction\Design Files\Power Factor Correction.SchDoc with CAPC_470n_1812_X7R_450V_20% from PBL - Capacitors.SCHLIB
Replace Part C27 CAPC_470n_1812_X7R_450V_20% in C:\Users\Tv\Real Documents\Engineering Projects\Senior-Design-VFD\Power Factor Correction\Design Files\Power Factor Correction.SchDoc with CAPC_470n_1812_X7R_450V_20% from PBL - Capacitors.SCHLIB
Replace Part C28 CAPP_68u_35V_SMD in C:\Users\Tv\Real Documents\Engineering Projects\Senior-Design-VFD\Power Factor Correction\Design Files\Power Factor Correction.SchDoc with CAPP_68u_35V_SMD from PBL - Capacitors.SCHLIB
Replace Part C29 CAPP_68u_35V_SMD in C:\Users\Tv\Real Documents\Engineering Projects\Senior-Design-VFD\Power Factor Correction\Design Files\Power Factor Correction.SchDoc with CAPP_68u_35V_SMD from PBL - Capacitors.SCHLIB
Replace Part D1 BRIDGE_RECT_600V_25A_GBJ2506-F in C:\Users\Tv\Real Documents\Engineering Projects\Senior-Design-VFD\Power Factor Correction\Design Files\Power Factor Correction.SchDoc with BRIDGE_RECT_600V_25A_GBJ2506-F from PBL - Diodes.SCHLIB
Replace Part D2 DIODE_SIC_SCHOTTKY_650V_13A_C3D06065I in C:\Users\Tv\Real Documents\Engineering Projects\Senior-Design-VFD\Power Factor Correction\Design Files\Power Factor Correction.SchDoc with DIODE_SIC_SCHOTTKY_650V_13A_C3D06065I from PBL - Diodes.SCHLIB
Replace Part D3 DIODE_SCHOTTKY_20V_3A_B320A-13-F in C:\Users\Tv\Real Documents\Engineering Projects\Senior-Design-VFD\Power Factor Correction\Design Files\Power Factor Correction.SchDoc with DIODE_SCHOTTKY_20V_3A_B320A-13-F from PBL - Diodes.SCHLIB
Replace Part D4 DIODE_SCHOTTKY_20V_1A_MBR1020VL in C:\Users\Tv\Real Documents\Engineering Projects\Senior-Design-VFD\Power Factor Correction\Design Files\Power Factor Correction.SchDoc with DIODE_SCHOTTKY_20V_1A_MBR1020VL from PBL - Diodes.SCHLIB
Replace Part D5 DIODE_600V_1A_SMA_ES1JAF in C:\Users\Tv\Real Documents\Engineering Projects\Senior-Design-VFD\Power Factor Correction\Design Files\Power Factor Correction.SchDoc with DIODE_600V_1A_SMA_ES1JAF from PBL - Diodes.SCHLIB
Replace Part D6 DIODE_SCHOTTKY_20V_3A_B320A-13-F in C:\Users\Tv\Real Documents\Engineering Projects\Senior-Design-VFD\Power Factor Correction\Design Files\Power Factor Correction.SchDoc with DIODE_SCHOTTKY_20V_3A_B320A-13-F from PBL - Diodes.SCHLIB
Replace Part D7 DIODE_SCHOTTKY_20V_1A_MBR1020VL in C:\Users\Tv\Real Documents\Engineering Projects\Senior-Design-VFD\Power Factor Correction\Design Files\Power Factor Correction.SchDoc with DIODE_SCHOTTKY_20V_1A_MBR1020VL from PBL - Diodes.SCHLIB
Replace Part D8 DIODE_SIC_SCHOTTKY_600V_6A_STPSC606G-TR in C:\Users\Tv\Real Documents\Engineering Projects\Senior-Design-VFD\Power Factor Correction\Design Files\Power Factor Correction.SchDoc with DIODE_SIC_SCHOTTKY_600V_6A_STPSC606G-TR from PBL - Diodes.SCHLIB
Replace Part D9 DIODE_SIC_SCHOTTKY_600V_6A_STPSC606G-TR in C:\Users\Tv\Real Documents\Engineering Projects\Senior-Design-VFD\Power Factor Correction\Design Files\Power Factor Correction.SchDoc with DIODE_SIC_SCHOTTKY_600V_6A_STPSC606G-TR from PBL - Diodes.SCHLIB
Replace Part D10 DIODE_SCHOTTKY_20V_1A_MBR1020VL in C:\Users\Tv\Real Documents\Engineering Projects\Senior-Design-VFD\Power Factor Correction\Design Files\Power Factor Correction.SchDoc with DIODE_SCHOTTKY_20V_1A_MBR1020VL from PBL - Diodes.SCHLIB
Replace Part D11 DIODE_ZENER_3V3_SOD323 in C:\Users\Tv\Real Documents\Engineering Projects\Senior-Design-VFD\Power Factor Correction\Design Files\Power Factor Correction.SchDoc with DIODE_ZENER_3V3_SOD323 from PBL - Diodes.SCHLIB
Replace Part F1 FUSE_HOLDER_   03540101ZXGY in C:\Users\Tv\Real Documents\Engineering Projects\Senior-Design-VFD\Power Factor Correction\Design Files\Power Factor Correction.SchDoc with FUSE_HOLDER_   03540101ZXGY from PBL - Fuses and Protection.SCHLIB
Replace Part L1 INDC_120u_ETD34_8A in C:\Users\Tv\Real Documents\Engineering Projects\Senior-Design-VFD\Power Factor Correction\Design Files\Power Factor Correction.SchDoc with INDC_120u_ETD34_8A from PBL - Inductors.SCHLIB
Replace Part L2 INDC_120u_ETD44_8A in C:\Users\Tv\Real Documents\Engineering Projects\Senior-Design-VFD\Power Factor Correction\Design Files\Power Factor Correction.SchDoc with INDC_120u_ETD44_8A from PBL - Inductors.SCHLIB
Replace Part L3 INDC_120n_48.8A in C:\Users\Tv\Real Documents\Engineering Projects\Senior-Design-VFD\Power Factor Correction\Design Files\Power Factor Correction.SchDoc with INDC_120n_48.8A from PBL - Inductors.SCHLIB
Replace Part MOD1 AC_DC_265V_15V_VOF-15-15 in C:\Users\Tv\Real Documents\Engineering Projects\Senior-Design-VFD\Power Factor Correction\Design Files\Power Factor Correction.SchDoc with AC_DC_265V_15V_VOF-15-15 from PBL - Power Supplies.SCHLIB
Replace Part P1 3P_TERM BLOCK 796739-3 in C:\Users\Tv\Real Documents\Engineering Projects\Senior-Design-VFD\Power Factor Correction\Design Files\Power Factor Correction.SchDoc with 3P_TERM BLOCK 796739-3 from PBL - Connectors.SCHLIB
Replace Part P2 3P_TERM BLOCK PLUG in C:\Users\Tv\Real Documents\Engineering Projects\Senior-Design-VFD\Power Factor Correction\Design Files\Power Factor Correction.SchDoc with 3P_TERM BLOCK PLUG from PBL - Connectors.SCHLIB
Replace Part Q1 SiC_N-CHAN_900V_36A_C3M0065090D in C:\Users\Tv\Real Documents\Engineering Projects\Senior-Design-VFD\Power Factor Correction\Design Files\Power Factor Correction.SchDoc with SiC_N-CHAN_900V_36A_C3M0065090D from PBL - Transistors.SCHLIB
Replace Part Q2 MOSFET_N-CHAN_IPP50R380CE in C:\Users\Tv\Real Documents\Engineering Projects\Senior-Design-VFD\Power Factor Correction\Design Files\Power Factor Correction.SchDoc with MOSFET_N-CHAN_IPP50R380CE from PBL - Transistors.SCHLIB
Replace Part R1 RES_100K_0603_1% in C:\Users\Tv\Real Documents\Engineering Projects\Senior-Design-VFD\Power Factor Correction\Design Files\Power Factor Correction.SchDoc with RES_100K_0603_1% from PBL - Resistors.SCHLIB
Replace Part R2 RES_26R1_0805_1% in C:\Users\Tv\Real Documents\Engineering Projects\Senior-Design-VFD\Power Factor Correction\Design Files\Power Factor Correction.SchDoc with RES_26R1_0805_1% from PBL - Resistors.SCHLIB
Replace Part R3 RES_26R1_0805_1% in C:\Users\Tv\Real Documents\Engineering Projects\Senior-Design-VFD\Power Factor Correction\Design Files\Power Factor Correction.SchDoc with RES_26R1_0805_1% from PBL - Resistors.SCHLIB
Replace Part R4 RES_1K_0603_1% in C:\Users\Tv\Real Documents\Engineering Projects\Senior-Design-VFD\Power Factor Correction\Design Files\Power Factor Correction.SchDoc with RES_1K_0603_1% from PBL - Resistors.SCHLIB
Replace Part R5 RES_390K_0805_1% in C:\Users\Tv\Real Documents\Engineering Projects\Senior-Design-VFD\Power Factor Correction\Design Files\Power Factor Correction.SchDoc with RES_390K_0805_1% from PBL - Resistors.SCHLIB
Replace Part R6 RES_390K_0805_1% in C:\Users\Tv\Real Documents\Engineering Projects\Senior-Design-VFD\Power Factor Correction\Design Files\Power Factor Correction.SchDoc with RES_390K_0805_1% from PBL - Resistors.SCHLIB
Replace Part R7 RES_1M_0805_1% in C:\Users\Tv\Real Documents\Engineering Projects\Senior-Design-VFD\Power Factor Correction\Design Files\Power Factor Correction.SchDoc with RES_1M_0805_1% from PBL - Resistors.SCHLIB
Replace Part R8 RES_3K3_0603_1% in C:\Users\Tv\Real Documents\Engineering Projects\Senior-Design-VFD\Power Factor Correction\Design Files\Power Factor Correction.SchDoc with RES_3K3_0603_1% from PBL - Resistors.SCHLIB
Replace Part R9 RES_390K_0805_1% in C:\Users\Tv\Real Documents\Engineering Projects\Senior-Design-VFD\Power Factor Correction\Design Files\Power Factor Correction.SchDoc with RES_390K_0805_1% from PBL - Resistors.SCHLIB
Replace Part R10 RES_390K_0805_1% in C:\Users\Tv\Real Documents\Engineering Projects\Senior-Design-VFD\Power Factor Correction\Design Files\Power Factor Correction.SchDoc with RES_390K_0805_1% from PBL - Resistors.SCHLIB
Replace Part R11 RES_3K4_0603_1% in C:\Users\Tv\Real Documents\Engineering Projects\Senior-Design-VFD\Power Factor Correction\Design Files\Power Factor Correction.SchDoc with RES_3K4_0603_1% from PBL - Resistors.SCHLIB
Replace Part R12 RES_2R7_0603_5% in C:\Users\Tv\Real Documents\Engineering Projects\Senior-Design-VFD\Power Factor Correction\Design Files\Power Factor Correction.SchDoc with RES_2R7_0603_5% from PBL - Resistors.SCHLIB
Replace Part R13 RES_120K_0603_1% in C:\Users\Tv\Real Documents\Engineering Projects\Senior-Design-VFD\Power Factor Correction\Design Files\Power Factor Correction.SchDoc with RES_120K_0603_1% from PBL - Resistors.SCHLIB
Replace Part R14 RES_681K_0805_1% in C:\Users\Tv\Real Documents\Engineering Projects\Senior-Design-VFD\Power Factor Correction\Design Files\Power Factor Correction.SchDoc with RES_681K_0805_1% from PBL - Resistors.SCHLIB
Replace Part R15 RES_5R1_0603_1% in C:\Users\Tv\Real Documents\Engineering Projects\Senior-Design-VFD\Power Factor Correction\Design Files\Power Factor Correction.SchDoc with RES_5R1_0603_1% from PBL - Resistors.SCHLIB
Replace Part R16 RES_18K_0603_1% in C:\Users\Tv\Real Documents\Engineering Projects\Senior-Design-VFD\Power Factor Correction\Design Files\Power Factor Correction.SchDoc with RES_18K_0603_1% from PBL - Resistors.SCHLIB
Replace Part R17 RES_1M_0805_1% in C:\Users\Tv\Real Documents\Engineering Projects\Senior-Design-VFD\Power Factor Correction\Design Files\Power Factor Correction.SchDoc with RES_1M_0805_1% from PBL - Resistors.SCHLIB
Replace Part R18 RES_1.2M_0603_1% in C:\Users\Tv\Real Documents\Engineering Projects\Senior-Design-VFD\Power Factor Correction\Design Files\Power Factor Correction.SchDoc with RES_1.2M_0603_1% from PBL - Resistors.SCHLIB
Replace Part R19 RES_681K_0805_1% in C:\Users\Tv\Real Documents\Engineering Projects\Senior-Design-VFD\Power Factor Correction\Design Files\Power Factor Correction.SchDoc with RES_681K_0805_1% from PBL - Resistors.SCHLIB
Replace Part R20 RES_220K_0603_1% in C:\Users\Tv\Real Documents\Engineering Projects\Senior-Design-VFD\Power Factor Correction\Design Files\Power Factor Correction.SchDoc with RES_220K_0603_1% from PBL - Resistors.SCHLIB
Replace Part R21 RES_3K16_0603_1% in C:\Users\Tv\Real Documents\Engineering Projects\Senior-Design-VFD\Power Factor Correction\Design Files\Power Factor Correction.SchDoc with RES_3K16_0603_1% from PBL - Resistors.SCHLIB
Replace Part R22 RES_2R7_0603_5% in C:\Users\Tv\Real Documents\Engineering Projects\Senior-Design-VFD\Power Factor Correction\Design Files\Power Factor Correction.SchDoc with RES_2R7_0603_5% from PBL - Resistors.SCHLIB
Replace Part R23 RES_5R1_0603_1% in C:\Users\Tv\Real Documents\Engineering Projects\Senior-Design-VFD\Power Factor Correction\Design Files\Power Factor Correction.SchDoc with RES_5R1_0603_1% from PBL - Resistors.SCHLIB
Replace Part R24 RES_180K_0603_1% in C:\Users\Tv\Real Documents\Engineering Projects\Senior-Design-VFD\Power Factor Correction\Design Files\Power Factor Correction.SchDoc with RES_180K_0603_1% from PBL - Resistors.SCHLIB
Replace Part R25 RES_44K2_0805_1% in C:\Users\Tv\Real Documents\Engineering Projects\Senior-Design-VFD\Power Factor Correction\Design Files\Power Factor Correction.SchDoc with RES_44K2_0805_1% from PBL - Resistors.SCHLIB
Replace Part R26 RES_11K3_0603_1% in C:\Users\Tv\Real Documents\Engineering Projects\Senior-Design-VFD\Power Factor Correction\Design Files\Power Factor Correction.SchDoc with RES_11K3_0603_1% from PBL - Resistors.SCHLIB
Replace Part R27 RES_475K_0805_1% in C:\Users\Tv\Real Documents\Engineering Projects\Senior-Design-VFD\Power Factor Correction\Design Files\Power Factor Correction.SchDoc with RES_475K_0805_1% from PBL - Resistors.SCHLIB
Replace Part R28 RES_475K_0805_1% in C:\Users\Tv\Real Documents\Engineering Projects\Senior-Design-VFD\Power Factor Correction\Design Files\Power Factor Correction.SchDoc with RES_475K_0805_1% from PBL - Resistors.SCHLIB
Replace Part R29 RES_10K_0603_1% in C:\Users\Tv\Real Documents\Engineering Projects\Senior-Design-VFD\Power Factor Correction\Design Files\Power Factor Correction.SchDoc with RES_10K_0603_1% from PBL - Resistors.SCHLIB
Replace Part R30 RES_2K2_0603_1% in C:\Users\Tv\Real Documents\Engineering Projects\Senior-Design-VFD\Power Factor Correction\Design Files\Power Factor Correction.SchDoc with RES_2K2_0603_1% from PBL - Resistors.SCHLIB
Replace Part R31 RES_100R_0603_1% in C:\Users\Tv\Real Documents\Engineering Projects\Senior-Design-VFD\Power Factor Correction\Design Files\Power Factor Correction.SchDoc with RES_100R_0603_1% from PBL - Resistors.SCHLIB
Replace Part R32 RES_100R_0603_1% in C:\Users\Tv\Real Documents\Engineering Projects\Senior-Design-VFD\Power Factor Correction\Design Files\Power Factor Correction.SchDoc with RES_100R_0603_1% from PBL - Resistors.SCHLIB
Replace Part TP2 TESTPOINT SMD 1206 in C:\Users\Tv\Real Documents\Engineering Projects\Senior-Design-VFD\Power Factor Correction\Design Files\Power Factor Correction.SchDoc with TESTPOINT SMD 1206 from PBL - Test Points.SCHLIB
Replace Part TP3 TESTPOINT SMD 1206 in C:\Users\Tv\Real Documents\Engineering Projects\Senior-Design-VFD\Power Factor Correction\Design Files\Power Factor Correction.SchDoc with TESTPOINT SMD 1206 from PBL - Test Points.SCHLIB
Replace Part TP4 TESTPOINT SMD 1206 in C:\Users\Tv\Real Documents\Engineering Projects\Senior-Design-VFD\Power Factor Correction\Design Files\Power Factor Correction.SchDoc with TESTPOINT SMD 1206 from PBL - Test Points.SCHLIB
Replace Part TP5 TESTPOINT SMD 1206 in C:\Users\Tv\Real Documents\Engineering Projects\Senior-Design-VFD\Power Factor Correction\Design Files\Power Factor Correction.SchDoc with TESTPOINT SMD 1206 from PBL - Test Points.SCHLIB
Replace Part TP6 TESTPOINT SMD 1206 in C:\Users\Tv\Real Documents\Engineering Projects\Senior-Design-VFD\Power Factor Correction\Design Files\Power Factor Correction.SchDoc with TESTPOINT SMD 1206 from PBL - Test Points.SCHLIB
Replace Part TP7 TESTPOINT SMD 1206 in C:\Users\Tv\Real Documents\Engineering Projects\Senior-Design-VFD\Power Factor Correction\Design Files\Power Factor Correction.SchDoc with TESTPOINT SMD 1206 from PBL - Test Points.SCHLIB
Replace Part TP8 TESTPOINT SMD 1206 in C:\Users\Tv\Real Documents\Engineering Projects\Senior-Design-VFD\Power Factor Correction\Design Files\Power Factor Correction.SchDoc with TESTPOINT SMD 1206 from PBL - Test Points.SCHLIB
Replace Part TP9 TESTPOINT SMD 1206 in C:\Users\Tv\Real Documents\Engineering Projects\Senior-Design-VFD\Power Factor Correction\Design Files\Power Factor Correction.SchDoc with TESTPOINT SMD 1206 from PBL - Test Points.SCHLIB
Replace Part TP10 TESTPOINT SMD 1206 in C:\Users\Tv\Real Documents\Engineering Projects\Senior-Design-VFD\Power Factor Correction\Design Files\Power Factor Correction.SchDoc with TESTPOINT SMD 1206 from PBL - Test Points.SCHLIB
Replace Part TP11 TESTPOINT SMD 1206 in C:\Users\Tv\Real Documents\Engineering Projects\Senior-Design-VFD\Power Factor Correction\Design Files\Power Factor Correction.SchDoc with TESTPOINT SMD 1206 from PBL - Test Points.SCHLIB
Replace Part TP12 TESTPOINT SMD 1206 in C:\Users\Tv\Real Documents\Engineering Projects\Senior-Design-VFD\Power Factor Correction\Design Files\Power Factor Correction.SchDoc with TESTPOINT SMD 1206 from PBL - Test Points.SCHLIB
Replace Part TP13 TESTPOINT SMD 1206 in C:\Users\Tv\Real Documents\Engineering Projects\Senior-Design-VFD\Power Factor Correction\Design Files\Power Factor Correction.SchDoc with TESTPOINT SMD 1206 from PBL - Test Points.SCHLIB
Replace Part TP14 TESTPOINT SMD 1206 in C:\Users\Tv\Real Documents\Engineering Projects\Senior-Design-VFD\Power Factor Correction\Design Files\Power Factor Correction.SchDoc with TESTPOINT SMD 1206 from PBL - Test Points.SCHLIB
Replace Part TP15 TESTPOINT SMD 1206 in C:\Users\Tv\Real Documents\Engineering Projects\Senior-Design-VFD\Power Factor Correction\Design Files\Power Factor Correction.SchDoc with TESTPOINT SMD 1206 from PBL - Test Points.SCHLIB
Replace Part TP16 TESTPOINT SMD 1206 in C:\Users\Tv\Real Documents\Engineering Projects\Senior-Design-VFD\Power Factor Correction\Design Files\Power Factor Correction.SchDoc with TESTPOINT SMD 1206 from PBL - Test Points.SCHLIB
Replace Part TP17 TESTPOINT SMD 1206 in C:\Users\Tv\Real Documents\Engineering Projects\Senior-Design-VFD\Power Factor Correction\Design Files\Power Factor Correction.SchDoc with TESTPOINT SMD 1206 from PBL - Test Points.SCHLIB
Replace Part TR1 CURRENT_100:1_20A_CST1-100LB in C:\Users\Tv\Real Documents\Engineering Projects\Senior-Design-VFD\Power Factor Correction\Design Files\Power Factor Correction.SchDoc with CURRENT_100:1_20A_CST1-100LB from PBL - Transformers.SchLib
Replace Part TR2 RES_TRIMER_100K_SMD in C:\Users\Tv\Real Documents\Engineering Projects\Senior-Design-VFD\Power Factor Correction\Design Files\Power Factor Correction.SchDoc with RES_TRIMER_100K_SMD from PBL - Resistors.SCHLIB
Replace Part U1 PFC_UC2855BDW in C:\Users\Tv\Real Documents\Engineering Projects\Senior-Design-VFD\Power Factor Correction\Design Files\Power Factor Correction.SchDoc with PFC_UC2855BDW from PBL - Regulators.SCHLIB
Replace Part U2 IC_Op-Amp_ADA4666-2ARMZ-R7 in C:\Users\Tv\Real Documents\Engineering Projects\Senior-Design-VFD\Power Factor Correction\Design Files\Power Factor Correction.SchDoc with IC_Op-Amp_ADA4666-2ARMZ-R7 from PBL - Integrated Circuits.SCHLIB
Replace Part U2 IC_Op-Amp_ADA4666-2ARMZ-R7 in C:\Users\Tv\Real Documents\Engineering Projects\Senior-Design-VFD\Power Factor Correction\Design Files\Power Factor Correction.SchDoc with IC_Op-Amp_ADA4666-2ARMZ-R7 from PBL - Integrated Circuits.SCHLIB
Replace Part VR1 Varistor_390V_4.5KA_B72214S0251K101 in C:\Users\Tv\Real Documents\Engineering Projects\Senior-Design-VFD\Power Factor Correction\Design Files\Power Factor Correction.SchDoc with Varistor_390V_4.5KA_B72214S0251K101 from PBL - Fuses and Protection.SCHLIB
