Removed Pin From Net: NetName=NetC1_1 Pin=C1-1
Removed Pin From Net: NetName=GND Pin=C1-2
Removed Pin From Net: NetName=NetC6_1 Pin=C6-1
Removed Pin From Net: NetName=NetC6_2 Pin=C6-2
Change Component Footprint: Designator=C1 Old Footprint=R46 New Footprint=R71MI4100AA30K
Change Component Footprint: Designator=C6 Old Footprint=R46 New Footprint=R71MI4100AA30K
Change Component Comment : Designator=C1 Old Comment=R463N410050N1K New Comment=R71MI4100AA30K
Change Component Comment : Designator=C6 Old Comment=R463N410050N1K New Comment=R71MI4100AA30K
Change component parameters: Designator = "C1"; Footprint = "R71MI4100AA30K"; UniqueID = "\JJNHCKMS"
Change component parameters. Clean all parameters for all variants
Change component parameters (AddParameter): Name = "Applications"; Value = "High Frequency, Switching; High Pulse, DV/DT; Power Factor Correction (PFC)"; VariantName = "[No Variations]"
Change component parameters (AddParameter): Name = "Category"; Value = "Capacitors"; VariantName = "[No Variations]"
Change component parameters (AddParameter): Name = "ComponentLink1Description"; Value = "https://search.kemet.com/component-edge/download/datasheet/R71MI4100AA30K.pdf"; VariantName = "[No Variations]"
Change component parameters (AddParameter): Name = "ComponentLink1URL"; Value = "https://search.kemet.com/component-edge/download/datasheet/R71MI4100AA30K.pdf"; VariantName = "[No Variations]"
Change component parameters (AddParameter): Name = "Dielectric Material"; Value = "Polypropylene (PP), Metallized"; VariantName = "[No Variations]"
Change component parameters (AddParameter): Name = "Features"; Value = "-"; VariantName = "[No Variations]"
Change component parameters (AddParameter): Name = "Height - Seated (Max)"; Value = "0.630" (16.00mm)"; VariantName = "[No Variations]"
Change component parameters (AddParameter): Name = "Lead Spacing"; Value = "0.591" (15.00mm)"; VariantName = "[No Variations]"
Change component parameters (AddParameter): Name = "Manufacturer"; Value = "KEMET"; VariantName = "[No Variations]"
Change component parameters (AddParameter): Name = "Manufacturer Part Number"; Value = "R71MI4100AA30K"; VariantName = "[No Variations]"
Change component parameters (AddParameter): Name = "Mounting Type"; Value = "Through Hole"; VariantName = "[No Variations]"
Change component parameters (AddParameter): Name = "Operating Temperature"; Value = "-40°C ~ 110°C"; VariantName = "[No Variations]"
Change component parameters (AddParameter): Name = "Package / Case"; Value = "Radial"; VariantName = "[No Variations]"
Change component parameters (AddParameter): Name = "Packaging"; Value = "Bulk"; VariantName = "[No Variations]"
Change component parameters (AddParameter): Name = "Part Status"; Value = "Active"; VariantName = "[No Variations]"
Change component parameters (AddParameter): Name = "Pricing 1"; Value = "1=1.04, 10=0.793, 100=0.5673, 500=0.4392, 1000=0.3782, 2500=0.3538, 5000=0.3355 (USD)"; VariantName = "[No Variations]"
Change component parameters (AddParameter): Name = "RoHS"; Value = "RoHS Compliant"; VariantName = "[No Variations]"
Change component parameters (AddParameter): Name = "Size / Dimension"; Value = "0.709" L x 0.394" W (18.00mm x 10.00mm)"; VariantName = "[No Variations]"
Change component parameters (AddParameter): Name = "Stock 1"; Value = "1245"; VariantName = "[No Variations]"
Change component parameters (AddParameter): Name = "Supplier 1"; Value = "Digi-Key"; VariantName = "[No Variations]"
Change component parameters (AddParameter): Name = "Supplier Part Number 1"; Value = "399-13454-ND"; VariantName = "[No Variations]"
Change component parameters (AddParameter): Name = "Termination"; Value = "PC Pins"; VariantName = "[No Variations]"
Change component parameters (AddParameter): Name = "Tolerance"; Value = "±10%"; VariantName = "[No Variations]"
Change component parameters (AddParameter): Name = "Value"; Value = "1u"; VariantName = "[No Variations]"
Change component parameters (AddParameter): Name = "Voltage Rating - AC"; Value = "220V"; VariantName = "[No Variations]"
Change component parameters (AddParameter): Name = "Voltage Rating - DC"; Value = "420V"; VariantName = "[No Variations]"
Change component parameters: Designator = "C6"; Footprint = "R71MI4100AA30K"; UniqueID = "\APLKNKAP"
Change component parameters. Clean all parameters for all variants
Change component parameters (AddParameter): Name = "Applications"; Value = "High Frequency, Switching; High Pulse, DV/DT; Power Factor Correction (PFC)"; VariantName = "[No Variations]"
Change component parameters (AddParameter): Name = "Category"; Value = "Capacitors"; VariantName = "[No Variations]"
Change component parameters (AddParameter): Name = "ComponentLink1Description"; Value = "https://search.kemet.com/component-edge/download/datasheet/R71MI4100AA30K.pdf"; VariantName = "[No Variations]"
Change component parameters (AddParameter): Name = "ComponentLink1URL"; Value = "https://search.kemet.com/component-edge/download/datasheet/R71MI4100AA30K.pdf"; VariantName = "[No Variations]"
Change component parameters (AddParameter): Name = "Dielectric Material"; Value = "Polypropylene (PP), Metallized"; VariantName = "[No Variations]"
Change component parameters (AddParameter): Name = "Features"; Value = "-"; VariantName = "[No Variations]"
Change component parameters (AddParameter): Name = "Height - Seated (Max)"; Value = "0.630" (16.00mm)"; VariantName = "[No Variations]"
Change component parameters (AddParameter): Name = "Lead Spacing"; Value = "0.591" (15.00mm)"; VariantName = "[No Variations]"
Change component parameters (AddParameter): Name = "Manufacturer"; Value = "KEMET"; VariantName = "[No Variations]"
Change component parameters (AddParameter): Name = "Manufacturer Part Number"; Value = "R71MI4100AA30K"; VariantName = "[No Variations]"
Change component parameters (AddParameter): Name = "Mounting Type"; Value = "Through Hole"; VariantName = "[No Variations]"
Change component parameters (AddParameter): Name = "Operating Temperature"; Value = "-40°C ~ 110°C"; VariantName = "[No Variations]"
Change component parameters (AddParameter): Name = "Package / Case"; Value = "Radial"; VariantName = "[No Variations]"
Change component parameters (AddParameter): Name = "Packaging"; Value = "Bulk"; VariantName = "[No Variations]"
Change component parameters (AddParameter): Name = "Part Status"; Value = "Active"; VariantName = "[No Variations]"
Change component parameters (AddParameter): Name = "Pricing 1"; Value = "1=1.04, 10=0.793, 100=0.5673, 500=0.4392, 1000=0.3782, 2500=0.3538, 5000=0.3355 (USD)"; VariantName = "[No Variations]"
Change component parameters (AddParameter): Name = "RoHS"; Value = "RoHS Compliant"; VariantName = "[No Variations]"
Change component parameters (AddParameter): Name = "Size / Dimension"; Value = "0.709" L x 0.394" W (18.00mm x 10.00mm)"; VariantName = "[No Variations]"
Change component parameters (AddParameter): Name = "Stock 1"; Value = "1245"; VariantName = "[No Variations]"
Change component parameters (AddParameter): Name = "Supplier 1"; Value = "Digi-Key"; VariantName = "[No Variations]"
Change component parameters (AddParameter): Name = "Supplier Part Number 1"; Value = "399-13454-ND"; VariantName = "[No Variations]"
Change component parameters (AddParameter): Name = "Termination"; Value = "PC Pins"; VariantName = "[No Variations]"
Change component parameters (AddParameter): Name = "Tolerance"; Value = "±10%"; VariantName = "[No Variations]"
Change component parameters (AddParameter): Name = "Value"; Value = "1u"; VariantName = "[No Variations]"
Change component parameters (AddParameter): Name = "Voltage Rating - AC"; Value = "220V"; VariantName = "[No Variations]"
Change component parameters (AddParameter): Name = "Voltage Rating - DC"; Value = "420V"; VariantName = "[No Variations]"
Added Pin To Net: NetName=NetC6_1 Pin=C1-1
Added Pin To Net: NetName=NetC6_2 Pin=C1-2
Added Pin To Net: NetName=NetC1_1 Pin=C6-1
Added Pin To Net: NetName=GND Pin=C6-2
Change Net Name : Old Net Name=NetC1_1 New Net Name=170V
Change Net Name : Old Net Name=NetC2_1 New Net Name=350V
Change Net Name : Old Net Name=NetC6_1 New Net Name=AC_IN
Change Net Name : Old Net Name=NetC6_2 New Net Name=NetC1_2
Added Class: Name=HV
