Change Component Designator: OldDesignator=C20 NewDesignator=C24
Change Component Designator: OldDesignator=C21 NewDesignator=C25
Change Component Designator: OldDesignator=L1 NewDesignator=L2
Added Component: Designator=C20(CAP_ELEC_SIZE_G_10x8)
Add component. Clean all parameters for all variants
Add component (AddParameter): Name = "Applications"; Value = "General Purpose"; VariantName = "[No Variations]"
Add component (AddParameter): Name = "Capacitance"; Value = "390µF"; VariantName = "[No Variations]"
Add component (AddParameter): Name = "Category"; Value = "Capacitors"; VariantName = "[No Variations]"
Add component (AddParameter): Name = "ComponentLink1Description"; Value = "http://www.chemi-con.co.jp/cgi-bin/CAT_DB/SEARCH/cat_db_al.cgi?e=e&j=p&pdfname=pxg"; VariantName = "[No Variations]"
Add component (AddParameter): Name = "ComponentLink1URL"; Value = "http://www.chemi-con.co.jp/cgi-bin/CAT_DB/SEARCH/cat_db_al.cgi?e=e&j=p&pdfname=pxg"; VariantName = "[No Variations]"
Add component (AddParameter): Name = "ESR (Equivalent Series Resistance)"; Value = "22 mOhm"; VariantName = "[No Variations]"
Add component (AddParameter): Name = "Height - Seated (Max)"; Value = "0.315" (8.00mm)"; VariantName = "[No Variations]"
Add component (AddParameter): Name = "Impedance"; Value = "-"; VariantName = "[No Variations]"
Add component (AddParameter): Name = "Lead Spacing"; Value = "-"; VariantName = "[No Variations]"
Add component (AddParameter): Name = "Lifetime @ Temp."; Value = "15000 Hrs @ 105°C"; VariantName = "[No Variations]"
Add component (AddParameter): Name = "Manufacturer"; Value = "United Chemi-Con"; VariantName = "[No Variations]"
Add component (AddParameter): Name = "Manufacturer Part Number"; Value = "APXG200ARA391MJ80G"; VariantName = "[No Variations]"
Add component (AddParameter): Name = "Mounting Type"; Value = "Surface Mount"; VariantName = "[No Variations]"
Add component (AddParameter): Name = "Operating Temperature"; Value = "-55°C ~ 105°C"; VariantName = "[No Variations]"
Add component (AddParameter): Name = "Package / Case"; Value = "Radial, Can - SMD"; VariantName = "[No Variations]"
Add component (AddParameter): Name = "Packaging"; Value = "Cut Tape (CT)"; VariantName = "[No Variations]"
Add component (AddParameter): Name = "Part Status"; Value = "Active"; VariantName = "[No Variations]"
Add component (AddParameter): Name = "Pricing 1"; Value = "1=1.34, 10=1.058, 25=0.9704, 50=0.9172, 100=0.7938, 250=0.7056 (USD)"; VariantName = "[No Variations]"
Add component (AddParameter): Name = "Ripple Current"; Value = "3.65A"; VariantName = "[No Variations]"
Add component (AddParameter): Name = "RoHS"; Value = "RoHS Compliant"; VariantName = "[No Variations]"
Add component (AddParameter): Name = "Size / Dimension"; Value = "0.394" Dia (10.00mm)"; VariantName = "[No Variations]"
Add component (AddParameter): Name = "Stock 1"; Value = "75"; VariantName = "[No Variations]"
Add component (AddParameter): Name = "Supplier 1"; Value = "Digi-Key"; VariantName = "[No Variations]"
Add component (AddParameter): Name = "Supplier Part Number 1"; Value = "565-4300-1-ND"; VariantName = "[No Variations]"
Add component (AddParameter): Name = "Surface Mount Land Size"; Value = "0.406" L x 0.406" W (10.30mm x 10.30mm)"; VariantName = "[No Variations]"
Add component (AddParameter): Name = "Tolerance"; Value = "±20%"; VariantName = "[No Variations]"
Add component (AddParameter): Name = "Type"; Value = "Polymer"; VariantName = "[No Variations]"
Add component (AddParameter): Name = "Voltage Rating"; Value = "20V"; VariantName = "[No Variations]"
Added Component: Designator=C21(CAPC3225X220N)
Add component. Clean all parameters for all variants
Add component (AddParameter): Name = "Manufacturer 1"; Value = "Taiyo Yuden"; VariantName = "[No Variations]"
Add component (AddParameter): Name = "Manufacturer Part Number 1"; Value = "UMK325BJ106MM-T"; VariantName = "[No Variations]"
Add component (AddParameter): Name = "Material"; Value = "ceramic"; VariantName = "[No Variations]"
Add component (AddParameter): Name = "Package / Case"; Value = "1210 (3225 Metric)"; VariantName = "[No Variations]"
Add component (AddParameter): Name = "Ratings"; Value = "50V; X5R"; VariantName = "[No Variations]"
Add component (AddParameter): Name = "SCDType"; Value = "spec"; VariantName = "[No Variations]"
Add component (AddParameter): Name = "Size / Dimension"; Value = "0.126" L x 0.098" W (3.20mm x 2.50mm)"; VariantName = "[No Variations]"
Add component (AddParameter): Name = "Supplier 1"; Value = "Digi-Key"; VariantName = "[No Variations]"
Add component (AddParameter): Name = "Supplier Part Number 1"; Value = "587-2225-1-ND"; VariantName = "[No Variations]"
Add component (AddParameter): Name = "Tolerance"; Value = "±20%"; VariantName = "[No Variations]"
Add component (AddParameter): Name = "Value"; Value = "10µ"; VariantName = "[No Variations]"
Added Component: Designator=C22(CAPC2012X135N)
Add component. Clean all parameters for all variants
Add component (AddParameter): Name = "Manufacturer 1"; Value = "Kemet"; VariantName = "[No Variations]"
Add component (AddParameter): Name = "Manufacturer Part Number 1"; Value = "C0805C104K5RACTU"; VariantName = "[No Variations]"
Add component (AddParameter): Name = "Material"; Value = "ceramic"; VariantName = "[No Variations]"
Add component (AddParameter): Name = "Package / Case"; Value = "0805 (2012 metric)"; VariantName = "[No Variations]"
Add component (AddParameter): Name = "Ratings"; Value = "50V; X7R"; VariantName = "[No Variations]"
Add component (AddParameter): Name = "SCDType"; Value = "undef"; VariantName = "[No Variations]"
Add component (AddParameter): Name = "Supplier 1"; Value = "Digi-Key"; VariantName = "[No Variations]"
Add component (AddParameter): Name = "Supplier Part Number 1"; Value = "399-1170-1-ND"; VariantName = "[No Variations]"
Add component (AddParameter): Name = "Tolerance"; Value = "±10%"; VariantName = "[No Variations]"
Add component (AddParameter): Name = "Value"; Value = "100n"; VariantName = "[No Variations]"
Added Component: Designator=C23(CAPC2012X135N)
Add component. Clean all parameters for all variants
Add component (AddParameter): Name = "Manufacturer 1"; Value = "Kemet"; VariantName = "[No Variations]"
Add component (AddParameter): Name = "Manufacturer Part Number 1"; Value = "C0805C104K5RACTU"; VariantName = "[No Variations]"
Add component (AddParameter): Name = "Material"; Value = "ceramic"; VariantName = "[No Variations]"
Add component (AddParameter): Name = "Package / Case"; Value = "0805 (2012 metric)"; VariantName = "[No Variations]"
Add component (AddParameter): Name = "Ratings"; Value = "50V; X7R"; VariantName = "[No Variations]"
Add component (AddParameter): Name = "SCDType"; Value = "undef"; VariantName = "[No Variations]"
Add component (AddParameter): Name = "Supplier 1"; Value = "Digi-Key"; VariantName = "[No Variations]"
Add component (AddParameter): Name = "Supplier Part Number 1"; Value = "399-1170-1-ND"; VariantName = "[No Variations]"
Add component (AddParameter): Name = "Tolerance"; Value = "±10%"; VariantName = "[No Variations]"
Add component (AddParameter): Name = "Value"; Value = "100n"; VariantName = "[No Variations]"
Added Component: Designator=C26(CAPC4532X280N)
Add component. Clean all parameters for all variants
Add component (AddParameter): Name = "Applications"; Value = "General Purpose"; VariantName = "[No Variations]"
Add component (AddParameter): Name = "Category"; Value = "Capacitors"; VariantName = "[No Variations]"
Add component (AddParameter): Name = "ComponentLink1Description"; Value = "https://product.tdk.com/info/en/catalog/datasheets/mlcc_commercial_midvoltage_en.pdf"; VariantName = "[No Variations]"
Add component (AddParameter): Name = "ComponentLink1URL"; Value = "https://product.tdk.com/info/en/catalog/datasheets/mlcc_commercial_midvoltage_en.pdf"; VariantName = "[No Variations]"
Add component (AddParameter): Name = "Failure Rate"; Value = "-"; VariantName = "[No Variations]"
Add component (AddParameter): Name = "Features"; Value = "-"; VariantName = "[No Variations]"
Add component (AddParameter): Name = "Height - Seated (Max)"; Value = "-"; VariantName = "[No Variations]"
Add component (AddParameter): Name = "Lead Spacing"; Value = "-"; VariantName = "[No Variations]"
Add component (AddParameter): Name = "Lead Style"; Value = "-"; VariantName = "[No Variations]"
Add component (AddParameter): Name = "Manufacturer"; Value = "TDK Corporation"; VariantName = "[No Variations]"
Add component (AddParameter): Name = "Manufacturer Part Number"; Value = "C4532X7T2W474M230KA"; VariantName = "[No Variations]"
Add component (AddParameter): Name = "Mounting Type"; Value = "Surface Mount, MLCC"; VariantName = "[No Variations]"
Add component (AddParameter): Name = "Operating Temperature"; Value = "-55°C ~ 125°C"; VariantName = "[No Variations]"
Add component (AddParameter): Name = "Package / Case"; Value = "1812 (4532 Metric)"; VariantName = "[No Variations]"
Add component (AddParameter): Name = "Packaging"; Value = "Cut Tape (CT)"; VariantName = "[No Variations]"
Add component (AddParameter): Name = "Part Status"; Value = "Active"; VariantName = "[No Variations]"
Add component (AddParameter): Name = "Pricing 1"; Value = "1=1.28, 10=1.009, 100=0.7571 (USD)"; VariantName = "[No Variations]"
Add component (AddParameter): Name = "Ratings"; Value = "-"; VariantName = "[No Variations]"
Add component (AddParameter): Name = "RoHS"; Value = "RoHS Compliant"; VariantName = "[No Variations]"
Add component (AddParameter): Name = "Size / Dimension"; Value = "0.177" L x 0.126" W (4.50mm x 3.20mm)"; VariantName = "[No Variations]"
Add component (AddParameter): Name = "Stock 1"; Value = "640"; VariantName = "[No Variations]"
Add component (AddParameter): Name = "Supplier 1"; Value = "Digi-Key"; VariantName = "[No Variations]"
Add component (AddParameter): Name = "Supplier Part Number 1"; Value = "445-13461-1-ND"; VariantName = "[No Variations]"
Add component (AddParameter): Name = "Temperature Coefficient"; Value = "X7T"; VariantName = "[No Variations]"
Add component (AddParameter): Name = "Thickness (Max)"; Value = "0.098" (2.50mm)"; VariantName = "[No Variations]"
Add component (AddParameter): Name = "Tolerance"; Value = "±20%"; VariantName = "[No Variations]"
Add component (AddParameter): Name = "Value"; Value = "0.47u"; VariantName = "[No Variations]"
Add component (AddParameter): Name = "Voltage - Rated"; Value = "450V"; VariantName = "[No Variations]"
Added Component: Designator=C27(CAPC4532X280N)
Add component. Clean all parameters for all variants
Add component (AddParameter): Name = "Applications"; Value = "General Purpose"; VariantName = "[No Variations]"
Add component (AddParameter): Name = "Category"; Value = "Capacitors"; VariantName = "[No Variations]"
Add component (AddParameter): Name = "ComponentLink1Description"; Value = "https://product.tdk.com/info/en/catalog/datasheets/mlcc_commercial_midvoltage_en.pdf"; VariantName = "[No Variations]"
Add component (AddParameter): Name = "ComponentLink1URL"; Value = "https://product.tdk.com/info/en/catalog/datasheets/mlcc_commercial_midvoltage_en.pdf"; VariantName = "[No Variations]"
Add component (AddParameter): Name = "Failure Rate"; Value = "-"; VariantName = "[No Variations]"
Add component (AddParameter): Name = "Features"; Value = "-"; VariantName = "[No Variations]"
Add component (AddParameter): Name = "Height - Seated (Max)"; Value = "-"; VariantName = "[No Variations]"
Add component (AddParameter): Name = "Lead Spacing"; Value = "-"; VariantName = "[No Variations]"
Add component (AddParameter): Name = "Lead Style"; Value = "-"; VariantName = "[No Variations]"
Add component (AddParameter): Name = "Manufacturer"; Value = "TDK Corporation"; VariantName = "[No Variations]"
Add component (AddParameter): Name = "Manufacturer Part Number"; Value = "C4532X7T2W474M230KA"; VariantName = "[No Variations]"
Add component (AddParameter): Name = "Mounting Type"; Value = "Surface Mount, MLCC"; VariantName = "[No Variations]"
Add component (AddParameter): Name = "Operating Temperature"; Value = "-55°C ~ 125°C"; VariantName = "[No Variations]"
Add component (AddParameter): Name = "Package / Case"; Value = "1812 (4532 Metric)"; VariantName = "[No Variations]"
Add component (AddParameter): Name = "Packaging"; Value = "Cut Tape (CT)"; VariantName = "[No Variations]"
Add component (AddParameter): Name = "Part Status"; Value = "Active"; VariantName = "[No Variations]"
Add component (AddParameter): Name = "Pricing 1"; Value = "1=1.28, 10=1.009, 100=0.7571 (USD)"; VariantName = "[No Variations]"
Add component (AddParameter): Name = "Ratings"; Value = "-"; VariantName = "[No Variations]"
Add component (AddParameter): Name = "RoHS"; Value = "RoHS Compliant"; VariantName = "[No Variations]"
Add component (AddParameter): Name = "Size / Dimension"; Value = "0.177" L x 0.126" W (4.50mm x 3.20mm)"; VariantName = "[No Variations]"
Add component (AddParameter): Name = "Stock 1"; Value = "640"; VariantName = "[No Variations]"
Add component (AddParameter): Name = "Supplier 1"; Value = "Digi-Key"; VariantName = "[No Variations]"
Add component (AddParameter): Name = "Supplier Part Number 1"; Value = "445-13461-1-ND"; VariantName = "[No Variations]"
Add component (AddParameter): Name = "Temperature Coefficient"; Value = "X7T"; VariantName = "[No Variations]"
Add component (AddParameter): Name = "Thickness (Max)"; Value = "0.098" (2.50mm)"; VariantName = "[No Variations]"
Add component (AddParameter): Name = "Tolerance"; Value = "±20%"; VariantName = "[No Variations]"
Add component (AddParameter): Name = "Value"; Value = "0.47u"; VariantName = "[No Variations]"
Add component (AddParameter): Name = "Voltage - Rated"; Value = "450V"; VariantName = "[No Variations]"
Added Component: Designator=L1(ETD34 Vertical)
Add component. Clean all parameters for all variants
Add component (AddParameter): Name = "Accessory Type"; Value = "Bobbin (Coil Former), Vertical"; VariantName = "[No Variations]"
Add component (AddParameter): Name = "Bobbin Manufacturer Part Number"; Value = "B66362X1014T001"; VariantName = "[No Variations]"
Add component (AddParameter): Name = "Category"; Value = "Magnetics - Transformer, Inductor Components"; VariantName = "[No Variations]"
Add component (AddParameter): Name = "Clip Manufacturer Part Number"; Value = "B66362A2000X000"; VariantName = "[No Variations]"
Add component (AddParameter): Name = "ComponentLink1Description"; Value = "https://product.tdk.com/info/en/documents/data_sheet/etd_34_17_11.pdf"; VariantName = "[No Variations]"
Add component (AddParameter): Name = "ComponentLink1URL"; Value = "https://product.tdk.com/info/en/documents/data_sheet/etd_34_17_11.pdf"; VariantName = "[No Variations]"
Add component (AddParameter): Name = "Ferrite Manufacturer Part Number"; Value = "B66361G1000X187"; VariantName = "[No Variations]"
Add component (AddParameter): Name = "For Use With/Related Products"; Value = "ETD"; VariantName = "[No Variations]"
Add component (AddParameter): Name = "Manufacturer"; Value = "EPCOS (TDK)"; VariantName = "[No Variations]"
Add component (AddParameter): Name = "Manufacturer Part Number"; Value = "B66362X1014T001"; VariantName = "[No Variations]"
Add component (AddParameter): Name = "Part Status"; Value = "Active"; VariantName = "[No Variations]"
Add component (AddParameter): Name = "Pricing 1"; Value = "1=2.09, 10=1.79, 25=1.3428, 50=1.3056, 100=1.1563, 250=1.08172, 500=1.0071, 1000=0.9325 (USD)"; VariantName = "[No Variations]"
Add component (AddParameter): Name = "RoHS"; Value = "RoHS Compliant"; VariantName = "[No Variations]"
Add component (AddParameter): Name = "Stock 1"; Value = "176"; VariantName = "[No Variations]"
Add component (AddParameter): Name = "Supplier 1"; Value = "Digi-Key"; VariantName = "[No Variations]"
Add component (AddParameter): Name = "Supplier Device Package"; Value = "ETD 34 x 17 x 11"; VariantName = "[No Variations]"
Add component (AddParameter): Name = "Supplier Part Number 1"; Value = "495-5466-ND"; VariantName = "[No Variations]"
Add component (AddParameter): Name = "Tolerance"; Value = "±10%"; VariantName = "[No Variations]"
Add component (AddParameter): Name = "Turns"; Value = "27"; VariantName = "[No Variations]"
Add component (AddParameter): Name = "Value"; Value = "120µH"; VariantName = "[No Variations]"
Add component (AddParameter): Name = "Wire Gauge"; Value = "12 AWG"; VariantName = "[No Variations]"
Added Component: Designator=MOD1(VOF-15-15 4 DIP)
Add component. Clean all parameters for all variants
Add component (AddParameter): Name = "Applications"; Value = "ITE (Commercial)"; VariantName = "[No Variations]"
Add component (AddParameter): Name = "Approvals"; Value = "CE, cULus, TUV"; VariantName = "[No Variations]"
Add component (AddParameter): Name = "Category"; Value = "Power Supplies - Board Mount"; VariantName = "[No Variations]"
Add component (AddParameter): Name = "ComponentLink1Description"; Value = "http://www.cui.com/product/resource/digikeypdf/vof-15.pdf"; VariantName = "[No Variations]"
Add component (AddParameter): Name = "ComponentLink1URL"; Value = "http://www.cui.com/product/resource/digikeypdf/vof-15.pdf"; VariantName = "[No Variations]"
Add component (AddParameter): Name = "Current - Output (Max)"; Value = "1A"; VariantName = "[No Variations]"
Add component (AddParameter): Name = "Efficiency"; Value = "80%"; VariantName = "[No Variations]"
Add component (AddParameter): Name = "Features"; Value = "OCP, OVP, SCP"; VariantName = "[No Variations]"
Add component (AddParameter): Name = "Line Regulation"; Value = "±0.5%"; VariantName = "[No Variations]"
Add component (AddParameter): Name = "Load Regulation"; Value = "±1%"; VariantName = "[No Variations]"
Add component (AddParameter): Name = "Manufacturer"; Value = "CUI Inc."; VariantName = "[No Variations]"
Add component (AddParameter): Name = "Manufacturer Part Number"; Value = "VOF-15-15"; VariantName = "[No Variations]"
Add component (AddParameter): Name = "Mounting Type"; Value = "Through Hole"; VariantName = "[No Variations]"
Add component (AddParameter): Name = "Number of Outputs"; Value = "1"; VariantName = "[No Variations]"
Add component (AddParameter): Name = "Operating Temperature"; Value = "0°C ~ 60°C (With Derating)"; VariantName = "[No Variations]"
Add component (AddParameter): Name = "Package / Case"; Value = "4-DIP Module"; VariantName = "[No Variations]"
Add component (AddParameter): Name = "Part Status"; Value = "Active"; VariantName = "[No Variations]"
Add component (AddParameter): Name = "Power (Watts)"; Value = "15W"; VariantName = "[No Variations]"
Add component (AddParameter): Name = "Pricing 1"; Value = "1=16.8, 5=16.56, 10=16.32, 25=15.36, 50=14.88, 100=14.4, 250=13.92, 500=13.44 (USD)"; VariantName = "[No Variations]"
Add component (AddParameter): Name = "RoHS"; Value = "RoHS Compliant"; VariantName = "[No Variations]"
Add component (AddParameter): Name = "Size / Dimension"; Value = "2.76" L x 1.91" W x 0.91" H (70.0mm x 48.6mm x 23.1mm)"; VariantName = "[No Variations]"
Add component (AddParameter): Name = "Stock 1"; Value = "400"; VariantName = "[No Variations]"
Add component (AddParameter): Name = "Supplier 1"; Value = "Digi-Key"; VariantName = "[No Variations]"
Add component (AddParameter): Name = "Supplier Part Number 1"; Value = "102-2047-ND"; VariantName = "[No Variations]"
Add component (AddParameter): Name = "Type"; Value = "Open Frame"; VariantName = "[No Variations]"
Add component (AddParameter): Name = "Voltage - Input"; Value = "85 ~ 264 VAC"; VariantName = "[No Variations]"
Add component (AddParameter): Name = "Voltage - Output 1"; Value = "15V"; VariantName = "[No Variations]"
Add component (AddParameter): Name = "Voltage - Output 2"; Value = "-"; VariantName = "[No Variations]"
Add component (AddParameter): Name = "Voltage - Output 3"; Value = "-"; VariantName = "[No Variations]"
Add component (AddParameter): Name = "Voltage - Output 4"; Value = "-"; VariantName = "[No Variations]"
Add component (AddParameter): Name = "Weight"; Value = "-"; VariantName = "[No Variations]"
Added Component: Designator=R27(RESC2012X70N)
Add component. Clean all parameters for all variants
Add component (AddParameter): Name = "Category"; Value = "Daily Limit Reached"; VariantName = "[No Variations]"
Add component (AddParameter): Name = "ComponentLink1Description"; Value = "https://industrial.panasonic.com/cdbs/www-data/pdf/RDA0000/AOA0000C304.pdf"; VariantName = "[No Variations]"
Add component (AddParameter): Name = "ComponentLink1URL"; Value = "https://industrial.panasonic.com/cdbs/www-data/pdf/RDA0000/AOA0000C304.pdf"; VariantName = "[No Variations]"
Add component (AddParameter): Name = "Composition"; Value = "Thick Film"; VariantName = "[No Variations]"
Add component (AddParameter): Name = "Create Account URL"; Value = "https://www.mouser.com/MyMouser/CreateAccount.aspx"; VariantName = "[No Variations]"
Add component (AddParameter): Name = "Failure Rate"; Value = "-"; VariantName = "[No Variations]"
Add component (AddParameter): Name = "Features"; Value = "Automotive AEC-Q200"; VariantName = "[No Variations]"
Add component (AddParameter): Name = "Get more results"; Value = "Please configure for MyMouser login credentials"; VariantName = "[No Variations]"
Add component (AddParameter): Name = "Height - Seated (Max)"; Value = "0.028" (0.70mm)"; VariantName = "[No Variations]"
Add component (AddParameter): Name = "Login URL"; Value = "https://www.mouser.com/MyMouser/MouserLogin.aspx"; VariantName = "[No Variations]"
Add component (AddParameter): Name = "Manufacturer"; Value = "Mouser Electronics"; VariantName = "[No Variations]"
Add component (AddParameter): Name = "Manufacturer Part Number"; Value = "ERJ-6ENF4753V"; VariantName = "[No Variations]"
Add component (AddParameter): Name = "Minimum Order Quantity"; Value = "1"; VariantName = "[No Variations]"
Add component (AddParameter): Name = "Operating Temperature"; Value = "-55°C ~ 155°C"; VariantName = "[No Variations]"
Add component (AddParameter): Name = "Package / Case"; Value = "0805 (2012 Metric)"; VariantName = "[No Variations]"
Add component (AddParameter): Name = "Packaging"; Value = "Cut Tape (CT)"; VariantName = "[No Variations]"
Add component (AddParameter): Name = "Part Status"; Value = "Active"; VariantName = "[No Variations]"
Add component (AddParameter): Name = "Power (Watts)"; Value = "0.125W, 1/8W"; VariantName = "[No Variations]"
Add component (AddParameter): Name = "Pricing 1"; Value = "1=0.00 (USD)"; VariantName = "[No Variations]"
Add component (AddParameter): Name = "Pricing 2"; Value = "1=0.1, 10=0.041, 100=0.0167, 1000=0.00749, 2500=0.0065 (USD)"; VariantName = "[No Variations]"
Add component (AddParameter): Name = "Product Status"; Value = "New Product"; VariantName = "[No Variations]"
Add component (AddParameter): Name = "Reeling"; Value = "False"; VariantName = "[No Variations]"
Add component (AddParameter): Name = "RoHS"; Value = "RoHS Compliant"; VariantName = "[No Variations]"
Add component (AddParameter): Name = "Size / Dimension"; Value = "0.079" L x 0.049" W (2.00mm x 1.25mm)"; VariantName = "[No Variations]"
Add component (AddParameter): Name = "Stock 1"; Value = "0"; VariantName = "[No Variations]"
Add component (AddParameter): Name = "Stock 2"; Value = "67357"; VariantName = "[No Variations]"
Add component (AddParameter): Name = "Supplier 1"; Value = "Mouser"; VariantName = "[No Variations]"
Add component (AddParameter): Name = "Supplier 2"; Value = "Digi-Key"; VariantName = "[No Variations]"
Add component (AddParameter): Name = "Supplier Device Package"; Value = "0805"; VariantName = "[No Variations]"
Add component (AddParameter): Name = "Supplier Part Number 1"; Value = "Anonymous Daily Limit Reached"; VariantName = "[No Variations]"
Add component (AddParameter): Name = "Supplier Part Number 2"; Value = "P475KCCT-ND"; VariantName = "[No Variations]"
Add component (AddParameter): Name = "Temperature Coefficient"; Value = "±100ppm/°C"; VariantName = "[No Variations]"
Add component (AddParameter): Name = "Tolerance"; Value = "±1%"; VariantName = "[No Variations]"
Add component (AddParameter): Name = "Value"; Value = "475K"; VariantName = "[No Variations]"
Added Component: Designator=R28(RESC2012X70N)
Add component. Clean all parameters for all variants
Add component (AddParameter): Name = "Category"; Value = "Daily Limit Reached"; VariantName = "[No Variations]"
Add component (AddParameter): Name = "ComponentLink1Description"; Value = "https://industrial.panasonic.com/cdbs/www-data/pdf/RDA0000/AOA0000C304.pdf"; VariantName = "[No Variations]"
Add component (AddParameter): Name = "ComponentLink1URL"; Value = "https://industrial.panasonic.com/cdbs/www-data/pdf/RDA0000/AOA0000C304.pdf"; VariantName = "[No Variations]"
Add component (AddParameter): Name = "Composition"; Value = "Thick Film"; VariantName = "[No Variations]"
Add component (AddParameter): Name = "Create Account URL"; Value = "https://www.mouser.com/MyMouser/CreateAccount.aspx"; VariantName = "[No Variations]"
Add component (AddParameter): Name = "Failure Rate"; Value = "-"; VariantName = "[No Variations]"
Add component (AddParameter): Name = "Features"; Value = "Automotive AEC-Q200"; VariantName = "[No Variations]"
Add component (AddParameter): Name = "Get more results"; Value = "Please configure for MyMouser login credentials"; VariantName = "[No Variations]"
Add component (AddParameter): Name = "Height - Seated (Max)"; Value = "0.028" (0.70mm)"; VariantName = "[No Variations]"
Add component (AddParameter): Name = "Login URL"; Value = "https://www.mouser.com/MyMouser/MouserLogin.aspx"; VariantName = "[No Variations]"
Add component (AddParameter): Name = "Manufacturer"; Value = "Mouser Electronics"; VariantName = "[No Variations]"
Add component (AddParameter): Name = "Manufacturer Part Number"; Value = "ERJ-6ENF4753V"; VariantName = "[No Variations]"
Add component (AddParameter): Name = "Minimum Order Quantity"; Value = "1"; VariantName = "[No Variations]"
Add component (AddParameter): Name = "Operating Temperature"; Value = "-55°C ~ 155°C"; VariantName = "[No Variations]"
Add component (AddParameter): Name = "Package / Case"; Value = "0805 (2012 Metric)"; VariantName = "[No Variations]"
Add component (AddParameter): Name = "Packaging"; Value = "Cut Tape (CT)"; VariantName = "[No Variations]"
Add component (AddParameter): Name = "Part Status"; Value = "Active"; VariantName = "[No Variations]"
Add component (AddParameter): Name = "Power (Watts)"; Value = "0.125W, 1/8W"; VariantName = "[No Variations]"
Add component (AddParameter): Name = "Pricing 1"; Value = "1=0.00 (USD)"; VariantName = "[No Variations]"
Add component (AddParameter): Name = "Pricing 2"; Value = "1=0.1, 10=0.041, 100=0.0167, 1000=0.00749, 2500=0.0065 (USD)"; VariantName = "[No Variations]"
Add component (AddParameter): Name = "Product Status"; Value = "New Product"; VariantName = "[No Variations]"
Add component (AddParameter): Name = "Reeling"; Value = "False"; VariantName = "[No Variations]"
Add component (AddParameter): Name = "RoHS"; Value = "RoHS Compliant"; VariantName = "[No Variations]"
Add component (AddParameter): Name = "Size / Dimension"; Value = "0.079" L x 0.049" W (2.00mm x 1.25mm)"; VariantName = "[No Variations]"
Add component (AddParameter): Name = "Stock 1"; Value = "0"; VariantName = "[No Variations]"
Add component (AddParameter): Name = "Stock 2"; Value = "67357"; VariantName = "[No Variations]"
Add component (AddParameter): Name = "Supplier 1"; Value = "Mouser"; VariantName = "[No Variations]"
Add component (AddParameter): Name = "Supplier 2"; Value = "Digi-Key"; VariantName = "[No Variations]"
Add component (AddParameter): Name = "Supplier Device Package"; Value = "0805"; VariantName = "[No Variations]"
Add component (AddParameter): Name = "Supplier Part Number 1"; Value = "Anonymous Daily Limit Reached"; VariantName = "[No Variations]"
Add component (AddParameter): Name = "Supplier Part Number 2"; Value = "P475KCCT-ND"; VariantName = "[No Variations]"
Add component (AddParameter): Name = "Temperature Coefficient"; Value = "±100ppm/°C"; VariantName = "[No Variations]"
Add component (AddParameter): Name = "Tolerance"; Value = "±1%"; VariantName = "[No Variations]"
Add component (AddParameter): Name = "Value"; Value = "475K"; VariantName = "[No Variations]"
Added Component: Designator=R29(RESC1608X55N)
Add component. Clean all parameters for all variants
Add component (AddParameter): Name = "Manufacturer 1"; Value = "Yageo"; VariantName = "[No Variations]"
Add component (AddParameter): Name = "Manufacturer Part Number 1"; Value = "RC0603FR-0710KL"; VariantName = "[No Variations]"
Add component (AddParameter): Name = "Package / Case"; Value = "0603 (1608 Metric)"; VariantName = "[No Variations]"
Add component (AddParameter): Name = "Ratings"; Value = "1/10W"; VariantName = "[No Variations]"
Add component (AddParameter): Name = "SCDType"; Value = "spec"; VariantName = "[No Variations]"
Add component (AddParameter): Name = "Supplier 1"; Value = "Digi-Key"; VariantName = "[No Variations]"
Add component (AddParameter): Name = "Supplier Part Number 1"; Value = "311-10.0KHRCT-ND"; VariantName = "[No Variations]"
Add component (AddParameter): Name = "Tolerance"; Value = "±1%"; VariantName = "[No Variations]"
Add component (AddParameter): Name = "Value"; Value = "10K"; VariantName = "[No Variations]"
Added Component: Designator=R30(RESC1608X55N)
Add component. Clean all parameters for all variants
Add component (AddParameter): Name = "ComponentLink1Description"; Value = "http://www.yageo.com/documents/recent/PYu-RC0603_51_RoHS_L_4.pdf"; VariantName = "[No Variations]"
Add component (AddParameter): Name = "ComponentLink1URL"; Value = "http://www.yageo.com/documents/recent/PYu-RC0603_51_RoHS_L_4.pdf"; VariantName = "[No Variations]"
Add component (AddParameter): Name = "ComponentLink2Description"; Value = "http://www.samsungsem.com/servlet/FileDownload?filename=productcatalog/pdf/Chip_Resistor.pdf"; VariantName = "[No Variations]"
Add component (AddParameter): Name = "ComponentLink2URL"; Value = "http://www.samsungsem.com/servlet/FileDownload?filename=productcatalog/pdf/Chip_Resistor.pdf"; VariantName = "[No Variations]"
Add component (AddParameter): Name = "ComponentLink3Description"; Value = "http://www.seielect.com/Catalog/SEI-RMCF_RMCP.pdf"; VariantName = "[No Variations]"
Add component (AddParameter): Name = "ComponentLink3URL"; Value = "http://www.seielect.com/Catalog/SEI-RMCF_RMCP.pdf"; VariantName = "[No Variations]"
Add component (AddParameter): Name = "ComponentLink4Description"; Value = "http://rohmfs.rohm.com/en/products/databook/datasheet/passive/resistor/chip_resistor/mcr_g.pdf"; VariantName = "[No Variations]"
Add component (AddParameter): Name = "ComponentLink4URL"; Value = "http://rohmfs.rohm.com/en/products/databook/datasheet/passive/resistor/chip_resistor/mcr_g.pdf"; VariantName = "[No Variations]"
Add component (AddParameter): Name = "ComponentLink5Description"; Value = "http://industrial.panasonic.com/www-cgi/jvcr13pz.cgi?E+PZ+3+AOA0001+ERJ3GEYJ222V+7+WW"; VariantName = "[No Variations]"
Add component (AddParameter): Name = "ComponentLink5URL"; Value = "http://industrial.panasonic.com/www-cgi/jvcr13pz.cgi?E+PZ+3+AOA0001+ERJ3GEYJ222V+7+WW"; VariantName = "[No Variations]"
Add component (AddParameter): Name = "Material"; Value = "Thick Film"; VariantName = "[No Variations]"
Add component (AddParameter): Name = "Package / Case"; Value = "0603 (1608 metric)"; VariantName = "[No Variations]"
Add component (AddParameter): Name = "Ratings"; Value = "1/10 W"; VariantName = "[No Variations]"
Add component (AddParameter): Name = "SCDType"; Value = "spec"; VariantName = "[No Variations]"
Add component (AddParameter): Name = "Supplier 1"; Value = "Digi-Key"; VariantName = "[No Variations]"
Add component (AddParameter): Name = "Supplier Part Number 1"; Value = "311-2.20KHRCT-ND"; VariantName = "[No Variations]"
Add component (AddParameter): Name = "Temperature Coefficient"; Value = "±100ppm/°C"; VariantName = "[No Variations]"
Add component (AddParameter): Name = "Tolerance"; Value = "±5%"; VariantName = "[No Variations]"
Add component (AddParameter): Name = "Value"; Value = "2K2"; VariantName = "[No Variations]"
Added Component: Designator=R31(RESC1608X55N)
Add component. Clean all parameters for all variants
Add component (AddParameter): Name = "ComponentLink1Description"; Value = "http://industrial.panasonic.com/www-cgi/jvcr13pz.cgi?E+PZ+3+AOA0002+ERJ3EKF1000V+7+WW"; VariantName = "[No Variations]"
Add component (AddParameter): Name = "ComponentLink1URL"; Value = "http://industrial.panasonic.com/www-cgi/jvcr13pz.cgi?E+PZ+3+AOA0002+ERJ3EKF1000V+7+WW"; VariantName = "[No Variations]"
Add component (AddParameter): Name = "Manufacturer 1"; Value = "Yageo"; VariantName = "[No Variations]"
Add component (AddParameter): Name = "Manufacturer 2"; Value = "Panasonic - ECG"; VariantName = "[No Variations]"
Add component (AddParameter): Name = "Manufacturer Part Number 1"; Value = "RC0603FR-07100RL"; VariantName = "[No Variations]"
Add component (AddParameter): Name = "Manufacturer Part Number 2"; Value = "ERJ-3EKF1000V"; VariantName = "[No Variations]"
Add component (AddParameter): Name = "Material"; Value = "Thick Film"; VariantName = "[No Variations]"
Add component (AddParameter): Name = "Package / Case"; Value = "0603 (1608 Metric)"; VariantName = "[No Variations]"
Add component (AddParameter): Name = "Ratings"; Value = "1/10 W"; VariantName = "[No Variations]"
Add component (AddParameter): Name = "SCDType"; Value = "spec"; VariantName = "[No Variations]"
Add component (AddParameter): Name = "Supplier 1"; Value = "Digi-Key"; VariantName = "[No Variations]"
Add component (AddParameter): Name = "Supplier 2"; Value = "Digi-Key"; VariantName = "[No Variations]"
Add component (AddParameter): Name = "Supplier Part Number 1"; Value = "311-100HRCT-ND"; VariantName = "[No Variations]"
Add component (AddParameter): Name = "Supplier Part Number 2"; Value = "P100HTR-ND"; VariantName = "[No Variations]"
Add component (AddParameter): Name = "Tolerance"; Value = "±1%"; VariantName = "[No Variations]"
Add component (AddParameter): Name = "Value"; Value = "100R"; VariantName = "[No Variations]"
Added Component: Designator=TR2(TRIM3224)
Add component. Clean all parameters for all variants
Add component (AddParameter): Name = "Adjustment Type"; Value = "Top Adjustment"; VariantName = "[No Variations]"
Add component (AddParameter): Name = "Category"; Value = "Potentiometers, Variable Resistors"; VariantName = "[No Variations]"
Add component (AddParameter): Name = "ComponentLink1Description"; Value = "http://www.bourns.com/docs/Product-Datasheets/3224.pdf"; VariantName = "[No Variations]"
Add component (AddParameter): Name = "ComponentLink1URL"; Value = "http://www.bourns.com/docs/Product-Datasheets/3224.pdf"; VariantName = "[No Variations]"
Add component (AddParameter): Name = "Manufacturer"; Value = "Bourns Inc."; VariantName = "[No Variations]"
Add component (AddParameter): Name = "Manufacturer Part Number"; Value = "3224X-1-104E"; VariantName = "[No Variations]"
Add component (AddParameter): Name = "Mounting Type"; Value = "Surface Mount"; VariantName = "[No Variations]"
Add component (AddParameter): Name = "Number of Turns"; Value = "12"; VariantName = "[No Variations]"
Add component (AddParameter): Name = "Packaging"; Value = "Cut Tape (CT)"; VariantName = "[No Variations]"
Add component (AddParameter): Name = "Part Status"; Value = "Active"; VariantName = "[No Variations]"
Add component (AddParameter): Name = "Power (Watts)"; Value = "0.25W, 1/4W"; VariantName = "[No Variations]"
Add component (AddParameter): Name = "Pricing 1"; Value = "1=4.92, 10=4.507, 25=4.0156, 50=3.7698, 100=3.4419 (USD)"; VariantName = "[No Variations]"
Add component (AddParameter): Name = "Resistive Material"; Value = "Cermet"; VariantName = "[No Variations]"
Add component (AddParameter): Name = "RoHS"; Value = "RoHS Compliant"; VariantName = "[No Variations]"
Add component (AddParameter): Name = "Size / Dimension"; Value = "Rectangular - 0.189" x 0.138" Face x 0.209" H (4.80mm x 3.50mm x 5.30mm)"; VariantName = "[No Variations]"
Add component (AddParameter): Name = "Stock 1"; Value = "1122"; VariantName = "[No Variations]"
Add component (AddParameter): Name = "Supplier 1"; Value = "Digi-Key"; VariantName = "[No Variations]"
Add component (AddParameter): Name = "Supplier Part Number 1"; Value = "3224X-1-104ECT-ND"; VariantName = "[No Variations]"
Add component (AddParameter): Name = "Temperature Coefficient"; Value = "±100ppm/°C"; VariantName = "[No Variations]"
Add component (AddParameter): Name = "Termination Style"; Value = "Gull Wing"; VariantName = "[No Variations]"
Add component (AddParameter): Name = "Tolerance"; Value = "±10%"; VariantName = "[No Variations]"
Added Component: Designator=U2(SOIC127P600X175-8AN)
Add component. Clean all parameters for all variants
Add component (AddParameter): Name = "-3db Bandwidth"; Value = "2.1MHz"; VariantName = "[No Variations]"
Add component (AddParameter): Name = "Amplifier Type"; Value = "General Purpose"; VariantName = "[No Variations]"
Add component (AddParameter): Name = "Category"; Value = "Integrated Circuits (ICs)"; VariantName = "[No Variations]"
Add component (AddParameter): Name = "ComponentLink1Description"; Value = "http://www.analog.com/media/en/technical-documentation/data-sheets/ADA4666-2.pdf"; VariantName = "[No Variations]"
Add component (AddParameter): Name = "ComponentLink1URL"; Value = "http://www.analog.com/media/en/technical-documentation/data-sheets/ADA4666-2.pdf"; VariantName = "[No Variations]"
Add component (AddParameter): Name = "Current - Output / Channel"; Value = "220mA"; VariantName = "[No Variations]"
Add component (AddParameter): Name = "Current - Supply"; Value = "630µA"; VariantName = "[No Variations]"
Add component (AddParameter): Name = "Manufacturer"; Value = "Analog Devices Inc."; VariantName = "[No Variations]"
Add component (AddParameter): Name = "Manufacturer Part Number"; Value = "ADA4666-2ARMZ-R7"; VariantName = "[No Variations]"
Add component (AddParameter): Name = "Mounting Type"; Value = "Surface Mount"; VariantName = "[No Variations]"
Add component (AddParameter): Name = "Operating Temperature"; Value = "-40°C ~ 125°C"; VariantName = "[No Variations]"
Add component (AddParameter): Name = "Output Type"; Value = "Rail-to-Rail"; VariantName = "[No Variations]"
Add component (AddParameter): Name = "Package / Case"; Value = "8-TSSOP, 8-MSOP (0.118", 3.00mm Width)"; VariantName = "[No Variations]"
Add component (AddParameter): Name = "Packaging"; Value = "Cut Tape (CT)"; VariantName = "[No Variations]"
Add component (AddParameter): Name = "Part Status"; Value = "Active"; VariantName = "[No Variations]"
Add component (AddParameter): Name = "Pricing 1"; Value = "1=2.73, 10=2.454, 100=1.9721, 500=1.62026 (USD)"; VariantName = "[No Variations]"
Add component (AddParameter): Name = "RoHS"; Value = "RoHS Compliant"; VariantName = "[No Variations]"
Add component (AddParameter): Name = "Slew Rate"; Value = "2 V/µs"; VariantName = "[No Variations]"
Add component (AddParameter): Name = "Stock 1"; Value = "26"; VariantName = "[No Variations]"
Add component (AddParameter): Name = "Supplier 1"; Value = "Digi-Key"; VariantName = "[No Variations]"
Add component (AddParameter): Name = "Supplier Device Package"; Value = "8-MSOP"; VariantName = "[No Variations]"
Add component (AddParameter): Name = "Supplier Part Number 1"; Value = "ADA4666-2ARMZ-R7CT-ND"; VariantName = "[No Variations]"
Add component (AddParameter): Name = "Voltage - Supply, Single/Dual (±)"; Value = "3 V ~ 18 V, ±1.5 V ~ 9 V"; VariantName = "[No Variations]"
Added Pin To Net: NetName=GND Pin=C20-2
Added Pin To Net: NetName=GND Pin=C21-2
Added Pin To Net: NetName=GND Pin=C22-2
Added Pin To Net: NetName=GND Pin=C23-2
Added Pin To Net: NetName=GND Pin=C26-2
Added Pin To Net: NetName=GND Pin=C27-2
Added Pin To Net: NetName=NetC1_1 Pin=L1-1
Added Pin To Net: NetName=NetC11_1 Pin=L1-2
Added Pin To Net: NetName=GND Pin=MOD1-GND
Added Pin To Net: NetName=NetC2_1 Pin=MOD1-L
Added Pin To Net: NetName=NetC2_2 Pin=MOD1-N
Added Pin To Net: NetName=NetC2_1 Pin=R27-1
Added Pin To Net: NetName=GND Pin=R30-2
Added Pin To Net: NetName=NetC14_1 Pin=R31-2
Added Pin To Net: NetName=GND Pin=U2-4
Change Net Name : Old Net Name=NetC20_1 New Net Name=NetC24_1
Change Net Name : Old Net Name=NetC20_2 New Net Name=NetC24_2
Change Net Name : Old Net Name=NetC21_1 New Net Name=NetC25_1
Added Pin To Net: NetName=15V Pin=C20-1
Added Pin To Net: NetName=15V Pin=C21-1
Added Pin To Net: NetName=15V Pin=C22-1
Added Pin To Net: NetName=15V Pin=C23-1
Added Pin To Net: NetName=15V Pin=MOD1-Vo
Added Pin To Net: NetName=15V Pin=U1-9
Added Pin To Net: NetName=15V Pin=U2-8
Added Net: Name=15V
Added Pin To Net: NetName=NetC26_1 Pin=C26-1
Added Pin To Net: NetName=NetC26_1 Pin=R27-2
Added Pin To Net: NetName=NetC26_1 Pin=R28-1
Added Net: Name=NetC26_1
Added Pin To Net: NetName=NetC27_1 Pin=C27-1
Added Pin To Net: NetName=NetC27_1 Pin=R28-2
Added Pin To Net: NetName=NetC27_1 Pin=R30-1
Added Pin To Net: NetName=NetC27_1 Pin=U2-3
Added Net: Name=NetC27_1
Added Pin To Net: NetName=NetR29_1 Pin=R29-1
Added Pin To Net: NetName=NetR29_1 Pin=U2-1
Added Pin To Net: NetName=NetR29_1 Pin=U2-2
Added Net: Name=NetR29_1
Added Pin To Net: NetName=NetR29_2 Pin=R29-2
Added Pin To Net: NetName=NetR29_2 Pin=TR2-1
Added Pin To Net: NetName=NetR29_2 Pin=U2-6
Added Net: Name=NetR29_2
Added Pin To Net: NetName=NetR31_1 Pin=R31-1
Added Pin To Net: NetName=NetR31_1 Pin=TR2-W
Added Pin To Net: NetName=NetR31_1 Pin=U2-7
Added Net: Name=NetR31_1
Added Member To Class: ClassName=Power Factor Correction Member=Component C22 approved sub OK
Added Member To Class: ClassName=Power Factor Correction Member=Component C23 approved sub OK
Added Member To Class: ClassName=Power Factor Correction Member=Component C24 approved sub OK
Added Member To Class: ClassName=Power Factor Correction Member=Component C25 approved sub OK
Added Member To Class: ClassName=Power Factor Correction Member=Component C26 C4532X7T2W474M230KA
Added Member To Class: ClassName=Power Factor Correction Member=Component C27 C4532X7T2W474M230KA
Added Member To Class: ClassName=Power Factor Correction Member=Component L2 SLR1050B-121KE_
Added Member To Class: ClassName=Power Factor Correction Member=Component MOD1 VOF-15-15
Added Member To Class: ClassName=Power Factor Correction Member=Component R27 Thick Film
Added Member To Class: ClassName=Power Factor Correction Member=Component R28 Thick Film
Added Member To Class: ClassName=Power Factor Correction Member=Component R29 Thick Film
Added Member To Class: ClassName=Power Factor Correction Member=Component R30 Thick Film
Added Member To Class: ClassName=Power Factor Correction Member=Component R31 Thick Film
Added Member To Class: ClassName=Power Factor Correction Member=Component TR2 100k
Added Member To Class: ClassName=Power Factor Correction Member=Component U2 ADA4666-2ARMZ-R7
