Removed Pin From Net: NetName=350V Pin=D8-4
Removed Member From Class: ClassName=HV Member=NetD8_3
Change Component Footprint: Designator=D8 Old Footprint=D2PAK-3 New Footprint=TO220-2
Change Component Footprint: Designator=D9 Old Footprint=D2PAK-3 New Footprint=TO220-2
Change Component Comment : Designator=D8 Old Comment=STPSC606G-TR New Comment=C3D06065I
Change Component Comment : Designator=D9 Old Comment=STPSC606G-TR New Comment=C3D06065I
Change component parameters: Designator = "D8"; Footprint = "TO220-2"; UniqueID = "\HTYWXDBG"
Change component parameters. Clean all parameters for all variants
Change component parameters (AddParameter): Name = "Capacitance @ Vr, F"; Value = "295pF @ 0V, 1MHz"; VariantName = "[No Variations]"
Change component parameters (AddParameter): Name = "Category"; Value = "Discrete Semiconductor Products"; VariantName = "[No Variations]"
Change component parameters (AddParameter): Name = "ComponentLink1Description"; Value = "http://www.wolfspeed.com/media/downloads/44/C3D06065I.pdf"; VariantName = "[No Variations]"
Change component parameters (AddParameter): Name = "ComponentLink1URL"; Value = "http://www.wolfspeed.com/media/downloads/44/C3D06065I.pdf"; VariantName = "[No Variations]"
Change component parameters (AddParameter): Name = "Current - Average Rectified (Io)"; Value = "13A (DC)"; VariantName = "[No Variations]"
Change component parameters (AddParameter): Name = "Current - Reverse Leakage @ Vr"; Value = "50µA @ 650V"; VariantName = "[No Variations]"
Change component parameters (AddParameter): Name = "Diode Type"; Value = "Silicon Carbide Schottky"; VariantName = "[No Variations]"
Change component parameters (AddParameter): Name = "Manufacturer"; Value = "Cree/Wolfspeed"; VariantName = "[No Variations]"
Change component parameters (AddParameter): Name = "Manufacturer Part Number"; Value = "C3D06065I"; VariantName = "[No Variations]"
Change component parameters (AddParameter): Name = "Mounting Type"; Value = "Through Hole"; VariantName = "[No Variations]"
Change component parameters (AddParameter): Name = "Operating Temperature - Junction"; Value = "-55°C ~ 175°C"; VariantName = "[No Variations]"
Change component parameters (AddParameter): Name = "Package / Case"; Value = "TO-220-2 Isolated Tab"; VariantName = "[No Variations]"
Change component parameters (AddParameter): Name = "Packaging"; Value = "Tube"; VariantName = "[No Variations]"
Change component parameters (AddParameter): Name = "Part Status"; Value = "Active"; VariantName = "[No Variations]"
Change component parameters (AddParameter): Name = "Pricing 1"; Value = "1=3.22, 100=2.68, 500=2.30002, 1000=2.0125 (USD)"; VariantName = "[No Variations]"
Change component parameters (AddParameter): Name = "RoHS"; Value = "RoHS Compliant"; VariantName = "[No Variations]"
Change component parameters (AddParameter): Name = "Speed"; Value = "No Recovery Time > 500mA (Io)"; VariantName = "[No Variations]"
Change component parameters (AddParameter): Name = "Stock 1"; Value = "996"; VariantName = "[No Variations]"
Change component parameters (AddParameter): Name = "Supplier 1"; Value = "Digi-Key"; VariantName = "[No Variations]"
Change component parameters (AddParameter): Name = "Supplier Device Package"; Value = "TO-220-2 Isolated Tab"; VariantName = "[No Variations]"
Change component parameters (AddParameter): Name = "Supplier Part Number 1"; Value = "C3D06065I-ND"; VariantName = "[No Variations]"
Change component parameters (AddParameter): Name = "Voltage - Forward (Vf) (Max) @ If"; Value = "1.7V @ 6A"; VariantName = "[No Variations]"
Change component parameters: Designator = "D9"; Footprint = "TO220-2"; UniqueID = "\WOEPUDMO"
Change component parameters. Clean all parameters for all variants
Change component parameters (AddParameter): Name = "Capacitance @ Vr, F"; Value = "295pF @ 0V, 1MHz"; VariantName = "[No Variations]"
Change component parameters (AddParameter): Name = "Category"; Value = "Discrete Semiconductor Products"; VariantName = "[No Variations]"
Change component parameters (AddParameter): Name = "ComponentLink1Description"; Value = "http://www.wolfspeed.com/media/downloads/44/C3D06065I.pdf"; VariantName = "[No Variations]"
Change component parameters (AddParameter): Name = "ComponentLink1URL"; Value = "http://www.wolfspeed.com/media/downloads/44/C3D06065I.pdf"; VariantName = "[No Variations]"
Change component parameters (AddParameter): Name = "Current - Average Rectified (Io)"; Value = "13A (DC)"; VariantName = "[No Variations]"
Change component parameters (AddParameter): Name = "Current - Reverse Leakage @ Vr"; Value = "50µA @ 650V"; VariantName = "[No Variations]"
Change component parameters (AddParameter): Name = "Diode Type"; Value = "Silicon Carbide Schottky"; VariantName = "[No Variations]"
Change component parameters (AddParameter): Name = "Manufacturer"; Value = "Cree/Wolfspeed"; VariantName = "[No Variations]"
Change component parameters (AddParameter): Name = "Manufacturer Part Number"; Value = "C3D06065I"; VariantName = "[No Variations]"
Change component parameters (AddParameter): Name = "Mounting Type"; Value = "Through Hole"; VariantName = "[No Variations]"
Change component parameters (AddParameter): Name = "Operating Temperature - Junction"; Value = "-55°C ~ 175°C"; VariantName = "[No Variations]"
Change component parameters (AddParameter): Name = "Package / Case"; Value = "TO-220-2 Isolated Tab"; VariantName = "[No Variations]"
Change component parameters (AddParameter): Name = "Packaging"; Value = "Tube"; VariantName = "[No Variations]"
Change component parameters (AddParameter): Name = "Part Status"; Value = "Active"; VariantName = "[No Variations]"
Change component parameters (AddParameter): Name = "Pricing 1"; Value = "1=3.22, 100=2.68, 500=2.30002, 1000=2.0125 (USD)"; VariantName = "[No Variations]"
Change component parameters (AddParameter): Name = "RoHS"; Value = "RoHS Compliant"; VariantName = "[No Variations]"
Change component parameters (AddParameter): Name = "Speed"; Value = "No Recovery Time > 500mA (Io)"; VariantName = "[No Variations]"
Change component parameters (AddParameter): Name = "Stock 1"; Value = "996"; VariantName = "[No Variations]"
Change component parameters (AddParameter): Name = "Supplier 1"; Value = "Digi-Key"; VariantName = "[No Variations]"
Change component parameters (AddParameter): Name = "Supplier Device Package"; Value = "TO-220-2 Isolated Tab"; VariantName = "[No Variations]"
Change component parameters (AddParameter): Name = "Supplier Part Number 1"; Value = "C3D06065I-ND"; VariantName = "[No Variations]"
Change component parameters (AddParameter): Name = "Voltage - Forward (Vf) (Max) @ If"; Value = "1.7V @ 6A"; VariantName = "[No Variations]"
Added Pin To Net: NetName=350V Pin=D8-1
Added Pin To Net: NetName=NetD8_2 Pin=D8-2
Added Pin To Net: NetName=NetD8_2 Pin=D9-2
Added Pin To Net: NetName=NetD8_2 Pin=L3-2
Added Pin To Net: NetName=NetD8_2 Pin=TP14-1
Added Net: Name=NetD8_2
Added Pin To Net: NetName=NetD9_1 Pin=D9-1
Added Pin To Net: NetName=NetD9_1 Pin=Q2-2
Added Net: Name=NetD9_1
Added Member To Class: ClassName=HV Member=Wire NetD8_2
