Removed Member From Class: ClassName=Power Factor Correction Member=Q1
Added Component: Designator=Q?(TO-247-3)
Add component. Clean all parameters for all variants
Add component (AddParameter): Name = "Category"; Value = "Discrete Semiconductor Products"; VariantName = "[No Variations]"
Add component (AddParameter): Name = "ComponentLink1Description"; Value = "http://www.wolfspeed.com/media/downloads/176/C3M0065090D.pdf"; VariantName = "[No Variations]"
Add component (AddParameter): Name = "ComponentLink1URL"; Value = "http://www.wolfspeed.com/media/downloads/176/C3M0065090D.pdf"; VariantName = "[No Variations]"
Add component (AddParameter): Name = "Current - Continuous Drain (Id) @ 25°C"; Value = "36A (Tc)"; VariantName = "[No Variations]"
Add component (AddParameter): Name = "Drive Voltage (Max Rds On,  Min Rds On)"; Value = "15V"; VariantName = "[No Variations]"
Add component (AddParameter): Name = "FET Feature"; Value = "-"; VariantName = "[No Variations]"
Add component (AddParameter): Name = "FET Type"; Value = "N-Channel"; VariantName = "[No Variations]"
Add component (AddParameter): Name = "Gate Charge (Qg) (Max) @ Vgs"; Value = "30.4nC @ 15V"; VariantName = "[No Variations]"
Add component (AddParameter): Name = "Input Capacitance (Ciss) (Max) @ Vds"; Value = "660pF @ 600V"; VariantName = "[No Variations]"
Add component (AddParameter): Name = "Manufacturer"; Value = "Cree/Wolfspeed"; VariantName = "[No Variations]"
Add component (AddParameter): Name = "Manufacturer Part Number"; Value = "C3M0065090D"; VariantName = "[No Variations]"
Add component (AddParameter): Name = "Mounting Type"; Value = "Through Hole"; VariantName = "[No Variations]"
Add component (AddParameter): Name = "Operating Temperature"; Value = "-55°C ~ 150°C (TJ)"; VariantName = "[No Variations]"
Add component (AddParameter): Name = "Package / Case"; Value = "TO-247-3"; VariantName = "[No Variations]"
Add component (AddParameter): Name = "Packaging"; Value = "Tube"; VariantName = "[No Variations]"
Add component (AddParameter): Name = "Part Status"; Value = "Active"; VariantName = "[No Variations]"
Add component (AddParameter): Name = "Power Dissipation (Max)"; Value = "125W (Tc)"; VariantName = "[No Variations]"
Add component (AddParameter): Name = "Pricing 1"; Value = "1=10.5 (USD)"; VariantName = "[No Variations]"
Add component (AddParameter): Name = "Rds On (Max) @ Id, Vgs"; Value = "78 mOhm @ 20A, 15V"; VariantName = "[No Variations]"
Add component (AddParameter): Name = "RoHS"; Value = "RoHS Compliant"; VariantName = "[No Variations]"
Add component (AddParameter): Name = "Stock 1"; Value = "2984"; VariantName = "[No Variations]"
Add component (AddParameter): Name = "Supplier 1"; Value = "Digi-Key"; VariantName = "[No Variations]"
Add component (AddParameter): Name = "Supplier Device Package"; Value = "TO-247-3"; VariantName = "[No Variations]"
Add component (AddParameter): Name = "Supplier Part Number 1"; Value = "C3M0065090D-ND"; VariantName = "[No Variations]"
Add component (AddParameter): Name = "Technology"; Value = "SiCFET (Silicon Carbide)"; VariantName = "[No Variations]"
Add component (AddParameter): Name = "Vgs (Max)"; Value = "+18V, -8V"; VariantName = "[No Variations]"
Add component (AddParameter): Name = "Vgs(th) (Max) @ Id"; Value = "2.1V @ 5mA"; VariantName = "[No Variations]"
Added Pin To Net: NetName=NetQ?_2 Pin=Q?-2
Added Pin To Net: NetName=NetQ?_2 Pin=TR1-7
Added Net: Name=NetQ?_2
Added Member To Class: ClassName=Power Factor Correction Member=Component Q? C3M0065090D
