Added Component: Designator=SNK2(TO-247-2 With HeatSink 25mm)
Add component. Clean all parameters for all variants
Add component (AddParameter): Name = "Attachment Method"; Value = "Clip and PC Pin"; VariantName = "[No Variations]"
Add component (AddParameter): Name = "Category"; Value = "Fans, Thermal Management"; VariantName = "[No Variations]"
Add component (AddParameter): Name = "ComponentLink1Description"; Value = "http://www.ohmite.com/assets/docs/sink_c.pdf?r=false"; VariantName = "[No Variations]"
Add component (AddParameter): Name = "ComponentLink1URL"; Value = "http://www.ohmite.com/assets/docs/sink_c.pdf?r=false"; VariantName = "[No Variations]"
Add component (AddParameter): Name = "Diameter"; Value = "-"; VariantName = "[No Variations]"
Add component (AddParameter): Name = "Height Off Base (Height of Fin)"; Value = "0.710" (18.03mm)"; VariantName = "[No Variations]"
Add component (AddParameter): Name = "Length"; Value = "0.984" (25.00mm)"; VariantName = "[No Variations]"
Add component (AddParameter): Name = "Manufacturer"; Value = "Ohmite"; VariantName = "[No Variations]"
Add component (AddParameter): Name = "Manufacturer Part Number"; Value = "C247-025-1AE"; VariantName = "[No Variations]"
Add component (AddParameter): Name = "Material"; Value = "Aluminum"; VariantName = "[No Variations]"
Add component (AddParameter): Name = "Material Finish"; Value = "Black Anodized"; VariantName = "[No Variations]"
Add component (AddParameter): Name = "Package Cooled"; Value = "TO-247"; VariantName = "[No Variations]"
Add component (AddParameter): Name = "Part Status"; Value = "Active"; VariantName = "[No Variations]"
Add component (AddParameter): Name = "Power Dissipation @ Temperature Rise"; Value = "5W @ 60°C"; VariantName = "[No Variations]"
Add component (AddParameter): Name = "Pricing 1"; Value = "1=4.01, 10=3.904, 25=3.798, 50=3.587, 100=3.376, 250=3.165, 500=3.0595, 1000=2.743 (USD)"; VariantName = "[No Variations]"
Add component (AddParameter): Name = "RoHS"; Value = "RoHS Compliant"; VariantName = "[No Variations]"
Add component (AddParameter): Name = "Shape"; Value = "Rectangular, Fins"; VariantName = "[No Variations]"
Add component (AddParameter): Name = "Stock 1"; Value = "359"; VariantName = "[No Variations]"
Add component (AddParameter): Name = "Supplier 1"; Value = "Digi-Key"; VariantName = "[No Variations]"
Add component (AddParameter): Name = "Supplier Part Number 1"; Value = "C247-025-1AE-ND"; VariantName = "[No Variations]"
Add component (AddParameter): Name = "Thermal Resistance @ Forced Air Flow"; Value = "6°C/W @ 350 LFM"; VariantName = "[No Variations]"
Add component (AddParameter): Name = "Thermal Resistance @ Natural"; Value = "-"; VariantName = "[No Variations]"
Add component (AddParameter): Name = "Type"; Value = "Board Level, Vertical"; VariantName = "[No Variations]"
Add component (AddParameter): Name = "Width"; Value = "1.500" (38.10mm)"; VariantName = "[No Variations]"
Added Member To Class: ClassName=Power Factor Correction Member=Component SNK2 C247-025-1AE
