Change Component Designator: Old Designator=C22 New Designator=C1
Change Component Designator: Old Designator=C23 New Designator=C2
Change Component Designator: Old Designator=C24 New Designator=C3
Change Component Designator: Old Designator=C25 New Designator=C4
Change Component Designator: Old Designator=C26 New Designator=C5
Change Component Designator: Old Designator=C27 New Designator=C6
Change Component Designator: Old Designator=C28 New Designator=C7
Change Component Designator: Old Designator=C29 New Designator=C8
Change Component Designator: Old Designator=C30 New Designator=C9
Change Component Designator: Old Designator=C31 New Designator=C10
Change Component Designator: Old Designator=C32 New Designator=C11
Change Component Designator: Old Designator=L3 New Designator=L1
Change Component Designator: Old Designator=L4 New Designator=L2
Change Component Designator: Old Designator=LED2 New Designator=LED1
Change Component Designator: Old Designator=R49 New Designator=R1
Change Component Designator: Old Designator=R50 New Designator=R2
Change Component Designator: Old Designator=R51 New Designator=R3
Change Component Designator: Old Designator=R52 New Designator=R4
Change Component Designator: Old Designator=R53 New Designator=R5
Change Component Designator: Old Designator=R54 New Designator=R6
Change Component Designator: Old Designator=R55 New Designator=R7
Change Component Designator: Old Designator=R56 New Designator=R8
Change Component Designator: Old Designator=U7 New Designator=U1
Change Component Designator: Old Designator=U? New Designator=U2
