Removed Pin From Net: NetName=GND Pin=R6-2
Removed Member From Class: ClassName=3.3VPWR Member=R6
Added Component: Designator=R1(RESC1005X40N)
Add component. Clean all parameters for all variants
Add component (AddParameter): Name = "ComponentLink1Description"; Value = "http://www.vishay.com/doc?20035"; VariantName = "[No Variations]"
Add component (AddParameter): Name = "ComponentLink1URL"; Value = "http://www.vishay.com/doc?20035"; VariantName = "[No Variations]"
Add component (AddParameter): Name = "ComponentLink2Description"; Value = "http://www.yageo.com/documents/recent/PYu-RC0402_51_RoHS_L_6.pdf"; VariantName = "[No Variations]"
Add component (AddParameter): Name = "ComponentLink2URL"; Value = "http://www.yageo.com/documents/recent/PYu-RC0402_51_RoHS_L_6.pdf"; VariantName = "[No Variations]"
Add component (AddParameter): Name = "Manufacturer 1"; Value = "Vishay Dale"; VariantName = "[No Variations]"
Add component (AddParameter): Name = "Manufacturer 2"; Value = "Yageo"; VariantName = "[No Variations]"
Add component (AddParameter): Name = "Manufacturer Part Number 1"; Value = "CRCW040210K0FKED"; VariantName = "[No Variations]"
Add component (AddParameter): Name = "Manufacturer Part Number 2"; Value = "RC0402FR-0710KL"; VariantName = "[No Variations]"
Add component (AddParameter): Name = "Package / Case"; Value = "0402 (1005 Metric)"; VariantName = "[No Variations]"
Add component (AddParameter): Name = "Ratings"; Value = "1/16 W"; VariantName = "[No Variations]"
Add component (AddParameter): Name = "SCDType"; Value = "spec"; VariantName = "[No Variations]"
Add component (AddParameter): Name = "Supplier 1"; Value = "Digi-Key"; VariantName = "[No Variations]"
Add component (AddParameter): Name = "Supplier 2"; Value = "Digi-Key"; VariantName = "[No Variations]"
Add component (AddParameter): Name = "Supplier Part Number 1"; Value = "541-10.0KLCT-ND"; VariantName = "[No Variations]"
Add component (AddParameter): Name = "Supplier Part Number 2"; Value = "311-10.0KLRCT-ND"; VariantName = "[No Variations]"
Add component (AddParameter): Name = "Tolerance"; Value = "±1%"; VariantName = "[No Variations]"
Add component (AddParameter): Name = "Value"; Value = "10K"; VariantName = "[No Variations]"
Added Pin To Net: NetName=15V Pin=R1-1
Added Pin To Net: NetName=NetR1_2 Pin=R1-2
Added Pin To Net: NetName=NetR1_2 Pin=U1-7
Added Net: Name=NetR1_2
Added Pin To Net: NetName=NetR17_2 Pin=R17-2
Added Net: Name=NetR17_2
Added Member To Class: ClassName=3.3VPWR Member=Component R1 Thick Film
