Removed Pin From Net: NetName=GND Pin=C2-2
Removed Pin From Net: NetName=GND Pin=C9-2
Removed Pin From Net: NetName=GND Pin=C11-2
Removed Pin From Net: NetName=3.3V Pin=R1-1
Removed Pin From Net: NetName=GND Pin=R2-1
Removed Pin From Net: NetName=3.3V Pin=R3-2
Removed Pin From Net: NetName=GND Pin=U2-1
Removed Pin From Net: NetName=3.3V Pin=U2-4
Removed Member From Class: ClassName=3.3VPWR Member=C2
Removed Member From Class: ClassName=3.3VPWR Member=C9
Removed Member From Class: ClassName=3.3VPWR Member=C11
Removed Member From Class: ClassName=3.3VPWR Member=R1
Removed Member From Class: ClassName=3.3VPWR Member=R2
Removed Member From Class: ClassName=3.3VPWR Member=R3
Removed Member From Class: ClassName=3.3VPWR Member=R8
Removed Member From Class: ClassName=3.3VPWR Member=U2
Added Pin To Net: NetName=3.3V Pin=C3-1
Added Pin To Net: NetName=3.3V Pin=C6-1
Added Pin To Net: NetName=3.3V Pin=C8-1
Added Pin To Net: NetName=3.3V Pin=L1-1
Added Pin To Net: NetName=3.3V Pin=R4-1
Added Pin To Net: NetName=3.3V Pin=R5-1
