Removed Pin From Net: NetName=3.3V_REF Pin=C28-1
Removed Pin From Net: NetName=3.3V_REF Pin=U5-19
Added Component: Designator=FB1(FBC1608X95N)
Add component. Clean all parameters for all variants
Add component (AddParameter): Name = "ComponentLink1Description"; Value = "http://www.tdk.co.jp/tefe02/e9412_mmz.pdf"; VariantName = "[No Variations]"
Add component (AddParameter): Name = "ComponentLink1URL"; Value = "http://www.tdk.co.jp/tefe02/e9412_mmz.pdf"; VariantName = "[No Variations]"
Add component (AddParameter): Name = "Current Rating"; Value = "200mA"; VariantName = "[No Variations]"
Add component (AddParameter): Name = "DC Resistance (DCR)"; Value = "800 mOhm Max"; VariantName = "[No Variations]"
Add component (AddParameter): Name = "Filter Type"; Value = "Differential Mode - Single"; VariantName = "[No Variations]"
Add component (AddParameter): Name = "Height (Max)"; Value = "0.037" (0.95mm)"; VariantName = "[No Variations]"
Add component (AddParameter): Name = "Impedance @ Frequency"; Value = "2200 Ohm @ 100MHz"; VariantName = "[No Variations]"
Add component (AddParameter): Name = "Manufacturer 1"; Value = "TDK Corporation"; VariantName = "[No Variations]"
Add component (AddParameter): Name = "Manufacturer Part Number 1"; Value = "MMZ1608A222B"; VariantName = "[No Variations]"
Add component (AddParameter): Name = "Mounting Type"; Value = "Surface Mount"; VariantName = "[No Variations]"
Add component (AddParameter): Name = "Package / Case"; Value = "0603 (1608 Metric)"; VariantName = "[No Variations]"
Add component (AddParameter): Name = "Ratings"; Value = "200 mA; 800 mOhm DC"; VariantName = "[No Variations]"
Add component (AddParameter): Name = "RoHS 1"; Value = "RoHS Compliant"; VariantName = "[No Variations]"
Add component (AddParameter): Name = "SCDType"; Value = "source"; VariantName = "[No Variations]"
Add component (AddParameter): Name = "Size / Dimension"; Value = "0.063" L x 0.031" W (1.60mm x 0.80mm)"; VariantName = "[No Variations]"
Add component (AddParameter): Name = "Supplier 1"; Value = "Digi-Key"; VariantName = "[No Variations]"
Add component (AddParameter): Name = "Supplier Part Number 1"; Value = "445-8671-1-ND"; VariantName = "[No Variations]"
Add component (AddParameter): Name = "Value"; Value = "2K2 @ 100 MHz"; VariantName = "[No Variations]"
Added Pin To Net: NetName=3.3V_REF Pin=FB1-1
Added Pin To Net: NetName=NetC28_1 Pin=C28-1
Added Pin To Net: NetName=NetC28_1 Pin=FB1-2
Added Pin To Net: NetName=NetC28_1 Pin=U5-19
Added Net: Name=NetC28_1
Added Member To Class: ClassName=Inverter Main Member=Component FB1 2K2 @ 100 MHz
